{"uid":"9285cb7ffeff3843","name":"lineByIndexTest","fullName":"org.mytests.tests.example.DataTableInteractTests.lineByIndexTest","historyId":"23ae6868c83d41ad1f6c64b08f044053","time":{"start":1666411223167,"stop":1666411223180,"duration":13},"status":"skipped","statusMessage":"java.lang.NullPointerException: Cannot invoke \"com.epam.jdi.light.actions.ActionObject.jp()\" because \"jInfo\" is null","statusTrace":"java.lang.RuntimeException: java.lang.NullPointerException: Cannot invoke \"com.epam.jdi.light.actions.ActionObject.jp()\" because \"jInfo\" is null\n\tat com.jdiai.tools.func.JFunc2.execute(JFunc2.java:21)\n\tat com.epam.jdi.light.actions.ActionProcessor.stepAround(ActionProcessor.java:88)\n\tat org.mytests.tests.states.States.shouldBeLoggedIn(States.java:19)\n\tat org.mytests.tests.example.DataTableInteractTests.before(DataTableInteractTests.java:24)\n\tat java.base/jdk.internal.reflect.NativeMethodAccessorImpl.invoke0(Native Method)\n\tat java.base/jdk.internal.reflect.NativeMethodAccessorImpl.invoke(NativeMethodAccessorImpl.java:77)\n\tat java.base/jdk.internal.reflect.DelegatingMethodAccessorImpl.invoke(DelegatingMethodAccessorImpl.java:43)\n\tat java.base/java.lang.reflect.Method.invoke(Method.java:568)\n\tat org.testng.internal.MethodInvocationHelper.invokeMethod(MethodInvocationHelper.java:133)\n\tat org.testng.internal.MethodInvocationHelper.invokeMethodConsideringTimeout(MethodInvocationHelper.java:62)\n\tat org.testng.internal.ConfigInvoker.invokeConfigurationMethod(ConfigInvoker.java:385)\n\tat org.testng.internal.ConfigInvoker.invokeConfigurations(ConfigInvoker.java:321)\n\tat org.testng.internal.TestInvoker.runConfigMethods(TestInvoker.java:700)\n\tat org.testng.internal.TestInvoker.invokeMethod(TestInvoker.java:527)\n\tat org.testng.internal.TestInvoker.invokeTestMethod(TestInvoker.java:173)\n\tat org.testng.internal.MethodRunner.runInSequence(MethodRunner.java:46)\n\tat org.testng.internal.TestInvoker$MethodInvocationAgent.invoke(TestInvoker.java:824)\n\tat org.testng.internal.TestInvoker.invokeTestMethods(TestInvoker.java:146)\n\tat org.testng.internal.TestMethodWorker.invokeTestMethods(TestMethodWorker.java:146)\n\tat org.testng.internal.TestMethodWorker.run(TestMethodWorker.java:128)\n\tat java.base/java.util.concurrent.ThreadPoolExecutor.runWorker(ThreadPoolExecutor.java:1136)\n\tat java.base/java.util.concurrent.ThreadPoolExecutor$Worker.run(ThreadPoolExecutor.java:635)\n\tat java.base/java.lang.Thread.run(Thread.java:833)\nCaused by: java.lang.NullPointerException: Cannot invoke \"com.epam.jdi.light.actions.ActionObject.jp()\" because \"jInfo\" is null\n\tat com.epam.jdi.light.actions.ActionHelper.actionFailed(ActionHelper.java:385)\n\tat com.jdiai.tools.func.JFunc2.execute(JFunc2.java:19)\n\t... 22 more\n","flaky":false,"newFailed":false,"newBroken":false,"newPassed":false,"retriesCount":0,"retriesStatusChange":false,"beforeStages":[{"name":"setUp","time":{"start":1666411221427,"stop":1666411222925,"duration":1498},"description":"","status":"passed","steps":[],"attachments":[],"parameters":[],"stepsCount":0,"attachmentsCount":0,"shouldDisplayMessage":false,"hasContent":false},{"name":"before","time":{"start":1666411222956,"stop":1666411222984,"duration":28},"description":"","status":"broken","statusMessage":"java.lang.NullPointerException: Cannot invoke \"com.epam.jdi.light.actions.ActionObject.jp()\" because \"jInfo\" is null","statusTrace":"java.lang.RuntimeException: java.lang.NullPointerException: Cannot invoke \"com.epam.jdi.light.actions.ActionObject.jp()\" because \"jInfo\" is null\n\tat com.jdiai.tools.func.JFunc2.execute(JFunc2.java:21)\n\tat com.epam.jdi.light.actions.ActionProcessor.stepAround(ActionProcessor.java:88)\n\tat org.mytests.tests.states.States.shouldBeLoggedIn(States.java:19)\n\tat org.mytests.tests.example.DataTableInteractTests.before(DataTableInteractTests.java:24)\n\tat java.base/jdk.internal.reflect.NativeMethodAccessorImpl.invoke0(Native Method)\n\tat java.base/jdk.internal.reflect.NativeMethodAccessorImpl.invoke(NativeMethodAccessorImpl.java:77)\n\tat java.base/jdk.internal.reflect.DelegatingMethodAccessorImpl.invoke(DelegatingMethodAccessorImpl.java:43)\n\tat java.base/java.lang.reflect.Method.invoke(Method.java:568)\n\tat org.testng.internal.MethodInvocationHelper.invokeMethod(MethodInvocationHelper.java:133)\n\tat org.testng.internal.MethodInvocationHelper.invokeMethodConsideringTimeout(MethodInvocationHelper.java:62)\n\tat org.testng.internal.ConfigInvoker.invokeConfigurationMethod(ConfigInvoker.java:385)\n\tat org.testng.internal.ConfigInvoker.invokeConfigurations(ConfigInvoker.java:321)\n\tat org.testng.internal.TestInvoker.runConfigMethods(TestInvoker.java:700)\n\tat org.testng.internal.TestInvoker.invokeMethod(TestInvoker.java:527)\n\tat org.testng.internal.TestInvoker.invokeTestMethod(TestInvoker.java:173)\n\tat org.testng.internal.MethodRunner.runInSequence(MethodRunner.java:46)\n\tat org.testng.internal.TestInvoker$MethodInvocationAgent.invoke(TestInvoker.java:824)\n\tat org.testng.internal.TestInvoker.invokeTestMethods(TestInvoker.java:146)\n\tat org.testng.internal.TestMethodWorker.invokeTestMethods(TestMethodWorker.java:146)\n\tat org.testng.internal.TestMethodWorker.run(TestMethodWorker.java:128)\n\tat java.base/java.util.concurrent.ThreadPoolExecutor.runWorker(ThreadPoolExecutor.java:1136)\n\tat java.base/java.util.concurrent.ThreadPoolExecutor$Worker.run(ThreadPoolExecutor.java:635)\n\tat java.base/java.lang.Thread.run(Thread.java:833)\nCaused by: java.lang.NullPointerException: Cannot invoke \"com.epam.jdi.light.actions.ActionObject.jp()\" because \"jInfo\" is null\n\tat com.epam.jdi.light.actions.ActionHelper.actionFailed(ActionHelper.java:385)\n\tat com.jdiai.tools.func.JFunc2.execute(JFunc2.java:19)\n\t... 22 more\n","steps":[],"attachments":[],"parameters":[],"stepsCount":0,"attachmentsCount":0,"shouldDisplayMessage":true,"hasContent":true}],"afterStages":[{"name":"teardown","time":{"start":1666411285226,"stop":1666411285255,"duration":29},"description":"","status":"passed","steps":[],"attachments":[],"parameters":[],"stepsCount":0,"attachmentsCount":0,"shouldDisplayMessage":false,"hasContent":false}],"labels":[{"name":"package","value":"org.mytests.tests.example.DataTableInteractTests"},{"name":"testClass","value":"org.mytests.tests.example.DataTableInteractTests"},{"name":"testMethod","value":"lineByIndexTest"},{"name":"parentSuite","value":"JDI-Light Performance"},{"name":"suite","value":"Tests"},{"name":"subSuite","value":"org.mytests.tests.example.DataTableInteractTests"},{"name":"host","value":"fv-az47-802"},{"name":"thread","value":"2761@fv-az47-802.TestNG-test=Tests-2(21)"},{"name":"framework","value":"testng"},{"name":"language","value":"java"},{"name":"resultFormat","value":"allure2"}],"parameters":[],"links":[],"hidden":false,"retry":false,"extra":{"severity":"normal","retries":[],"categories":[],"history":{"statistic":{"failed":0,"broken":0,"skipped":14,"passed":79,"unknown":0,"total":93},"items":[{"uid":"ba22a546921f82eb","reportUrl":"https://jdi-templates.github.io/jdi-light-testng-template/25//#testresult/ba22a546921f82eb","status":"passed","time":{"start":1666411029850,"stop":1666411031257,"duration":1407}},{"uid":"623da8e7d6775086","reportUrl":"https://jdi-templates.github.io/jdi-light-testng-template/24//#testresult/623da8e7d6775086","status":"skipped","statusDetails":"\nCan't init 'page' 'performancePage' on 'SiteJdi'","time":{"start":1666410541779,"stop":1666410541783,"duration":4}},{"uid":"9048a2caf3861a48","reportUrl":"https://jdi-templates.github.io/jdi-light-testng-template/24//#testresult/9048a2caf3861a48","status":"passed","time":{"start":1666410276683,"stop":1666410278593,"duration":1910}},{"uid":"173008eebdcfc0b7","reportUrl":"https://jdi-templates.github.io/jdi-light-testng-template/23//#testresult/173008eebdcfc0b7","status":"passed","time":{"start":1666409916816,"stop":1666409918461,"duration":1645}},{"uid":"28742743ab1b3354","reportUrl":"https://jdi-templates.github.io/jdi-light-testng-template/22//#testresult/28742743ab1b3354","status":"passed","time":{"start":1666409459567,"stop":1666409461804,"duration":2237}},{"uid":"8d4e1b83c3651048","reportUrl":"https://jdi-templates.github.io/jdi-light-testng-template/21//#testresult/8d4e1b83c3651048","status":"skipped","statusDetails":"\n[19:40.931] Failed to execute 'UIElement.click' for element 'User Icon' during '10' seconds. \norg.openqa.selenium.remote.UnreachableBrowserException: Error communicating with the remote browser. It may have died.\nBuild info: version: '4.1.0', revision: '87802e897b'\nSystem info: host: 'fv-az426-456', ip: '10.1.0.76', os.name: 'Linux', os.arch: 'amd64', os.version: '5.15.0-1022-azure', java.version: '1.8.0_345'\nDriver info: org.openqa.selenium.remote.RemoteWebDriver\nCommand: [fc3203496eb362ab09a37d6a5368907e, switchToFrame {id=null}]\nCapabilities {acceptInsecureCerts: false, browserName: chrome, browserVersion: 106.0.5249.61, chrome: {chromedriverVersion: 106.0.5249.61 (511755355844..., userDataDir: /tmp/.com.google.Chrome.qM60CD}, goog:chromeOptions: {debuggerAddress: localhost:41411}, javascriptEnabled: true, networkConnectionEnabled: false, pageLoadStrategy: normal, platform: LINUX, platformName: LINUX, proxy: Proxy(), setWindowRect: true, strictFileInteractability: false, timeouts: {implicit: 0, pageLoad: 300000, script: 30000}, unhandledPromptBehavior: accept, webauthn:extension:credBlob: true, webauthn:extension:largeBlob: true, webauthn:virtualAuthenticators: true}\nSession ID: fc3203496eb362ab09a37d6a5368907e","time":{"start":1666408781110,"stop":1666408781111,"duration":1}},{"uid":"b9aece35f7c1c227","reportUrl":"https://jdi-templates.github.io/jdi-light-testng-template/20//#testresult/b9aece35f7c1c227","status":"skipped","statusDetails":"\n[48:35.598] Failed to execute 'UIElement.click' for element 'User Icon' during '10' seconds. \norg.openqa.selenium.remote.UnreachableBrowserException: Error communicating with the remote browser. It may have died.\nBuild info: version: '4.1.0', revision: '87802e897b'\nSystem info: host: 'fv-az465-614', ip: '10.1.0.21', os.name: 'Linux', os.arch: 'amd64', os.version: '5.15.0-1022-azure', java.version: '1.8.0_345'\nDriver info: org.openqa.selenium.remote.RemoteWebDriver\nCommand: [1a11b001d30d64b5ca48e77528b7164d, switchToFrame {id=null}]\nCapabilities {acceptInsecureCerts: false, browserName: chrome, browserVersion: 106.0.5249.61, chrome: {chromedriverVersion: 106.0.5249.61 (511755355844..., userDataDir: /tmp/.com.google.Chrome.kK5BJd}, goog:chromeOptions: {debuggerAddress: localhost:40169}, javascriptEnabled: true, networkConnectionEnabled: false, pageLoadStrategy: normal, platform: LINUX, platformName: LINUX, proxy: Proxy(), setWindowRect: true, strictFileInteractability: false, timeouts: {implicit: 0, pageLoad: 300000, script: 30000}, unhandledPromptBehavior: accept, webauthn:extension:credBlob: true, webauthn:extension:largeBlob: true, webauthn:virtualAuthenticators: true}\nSession ID: 1a11b001d30d64b5ca48e77528b7164d","time":{"start":1666406915829,"stop":1666406915835,"duration":6}},{"uid":"f45fbbe9657b5dfc","reportUrl":"https://jdi-templates.github.io/jdi-light-testng-template/19//#testresult/f45fbbe9657b5dfc","status":"skipped","statusDetails":"\n[42:20.58] Failed to execute 'UIElement.click' for element 'User Icon' during '10' seconds. \norg.openqa.selenium.remote.UnreachableBrowserException: Error communicating with the remote browser. It may have died.\nBuild info: version: '4.1.0', revision: '87802e897b'\nSystem info: host: 'fv-az259-902', ip: '10.1.0.49', os.name: 'Linux', os.arch: 'amd64', os.version: '5.15.0-1022-azure', java.version: '1.8.0_345'\nDriver info: org.openqa.selenium.remote.RemoteWebDriver\nCommand: [cfa28c0b4c6d1ed40cf313d803ddb918, switchToFrame {id=null}]\nCapabilities {acceptInsecureCerts: false, browserName: chrome, browserVersion: 106.0.5249.61, chrome: {chromedriverVersion: 106.0.5249.61 (511755355844..., userDataDir: /tmp/.com.google.Chrome.sQJC58}, goog:chromeOptions: {debuggerAddress: localhost:35253}, javascriptEnabled: true, networkConnectionEnabled: false, pageLoadStrategy: normal, platform: LINUX, platformName: LINUX, proxy: Proxy(), setWindowRect: true, strictFileInteractability: false, timeouts: {implicit: 0, pageLoad: 300000, script: 30000}, unhandledPromptBehavior: accept, webauthn:extension:credBlob: true, webauthn:extension:largeBlob: true, webauthn:virtualAuthenticators: true}\nSession ID: cfa28c0b4c6d1ed40cf313d803ddb918","time":{"start":1666406540269,"stop":1666406540272,"duration":3}},{"uid":"e4cb2774de536617","reportUrl":"https://jdi-templates.github.io/jdi-light-testng-template/18//#testresult/e4cb2774de536617","status":"skipped","statusDetails":"\n[28:23.765] Failed to execute 'UIElement.click' for element 'User Icon' during '10' seconds. \norg.openqa.selenium.remote.UnreachableBrowserException: Error communicating with the remote browser. It may have died.\nBuild info: version: '4.1.0', revision: '87802e897b'\nSystem info: host: 'fv-az163-754', ip: '10.1.0.225', os.name: 'Linux', os.arch: 'amd64', os.version: '5.15.0-1022-azure', java.version: '1.8.0_345'\nDriver info: org.openqa.selenium.remote.RemoteWebDriver\nCommand: [996441039c4d1ae6c007a83e33ec7dcb, switchToFrame {id=null}]\nCapabilities {acceptInsecureCerts: false, browserName: chrome, browserVersion: 106.0.5249.61, chrome: {chromedriverVersion: 106.0.5249.61 (511755355844..., userDataDir: /tmp/.com.google.Chrome.NC3shy}, goog:chromeOptions: {debuggerAddress: localhost:46843}, javascriptEnabled: true, networkConnectionEnabled: false, pageLoadStrategy: normal, platform: LINUX, platformName: LINUX, proxy: Proxy(), setWindowRect: true, strictFileInteractability: false, timeouts: {implicit: 0, pageLoad: 300000, script: 30000}, unhandledPromptBehavior: accept, webauthn:extension:credBlob: true, webauthn:extension:largeBlob: true, webauthn:virtualAuthenticators: true}\nSession ID: 996441039c4d1ae6c007a83e33ec7dcb","time":{"start":1666405703944,"stop":1666405703954,"duration":10}},{"uid":"2089ef1fe98fd075","reportUrl":"https://jdi-templates.github.io/jdi-light-testng-template/15//#testresult/2089ef1fe98fd075","status":"skipped","statusDetails":"\n[05:49.704] Failed to execute 'UIElement.click' for element 'User Icon' during '10' seconds. \norg.openqa.selenium.remote.UnreachableBrowserException: Error communicating with the remote browser. It may have died.\nBuild info: version: '4.1.0', revision: '87802e897b'\nSystem info: host: 'fv-az747-993', ip: '10.1.0.119', os.name: 'Linux', os.arch: 'amd64', os.version: '5.15.0-1022-azure', java.version: '15.0.9'\nDriver info: org.openqa.selenium.remote.RemoteWebDriver\nCommand: [134d4931d585370d755620c88627e242, switchToFrame {id=null}]\nCapabilities {acceptInsecureCerts: false, browserName: chrome, browserVersion: 94.0.4606.61, chrome: {chromedriverVersion: 94.0.4606.61 (418b78f5838ed..., userDataDir: /tmp/.com.google.Chrome.0TxuUY}, goog:chromeOptions: {debuggerAddress: localhost:39521}, javascriptEnabled: true, networkConnectionEnabled: false, pageLoadStrategy: normal, platform: LINUX, platformName: LINUX, proxy: Proxy(), setWindowRect: true, strictFileInteractability: false, timeouts: {implicit: 0, pageLoad: 300000, script: 30000}, unhandledPromptBehavior: accept, webauthn:extension:credBlob: true, webauthn:extension:largeBlob: true, webauthn:virtualAuthenticators: true}\nSession ID: 134d4931d585370d755620c88627e242","time":{"start":1666404349720,"stop":1666404349721,"duration":1}},{"uid":"c8020f8c8d964c0c","reportUrl":"https://jdi-templates.github.io/jdi-light-testng-template/15//#testresult/c8020f8c8d964c0c","status":"skipped","statusDetails":"\n[01:51.106] Failed to execute 'UIElement.click' for element 'User Icon' during '10' seconds. \norg.openqa.selenium.remote.UnreachableBrowserException: Error communicating with the remote browser. It may have died.\nBuild info: version: '4.1.0', revision: '87802e897b'\nSystem info: host: 'fv-az77-846', ip: '10.1.0.15', os.name: 'Linux', os.arch: 'amd64', os.version: '5.15.0-1022-azure', java.version: '1.8.0_352'\nDriver info: org.openqa.selenium.remote.RemoteWebDriver\nCommand: [4520371d1345386bbe104ac3c757a443, switchToFrame {id=null}]\nCapabilities {acceptInsecureCerts: false, browserName: chrome, browserVersion: 94.0.4606.61, chrome: {chromedriverVersion: 94.0.4606.61 (418b78f5838ed..., userDataDir: /tmp/.com.google.Chrome.tUYPvR}, goog:chromeOptions: {debuggerAddress: localhost:33541}, javascriptEnabled: true, networkConnectionEnabled: false, pageLoadStrategy: normal, platform: LINUX, platformName: LINUX, proxy: Proxy(), setWindowRect: true, strictFileInteractability: false, timeouts: {implicit: 0, pageLoad: 300000, script: 30000}, unhandledPromptBehavior: accept, webauthn:extension:credBlob: true, webauthn:extension:largeBlob: true, webauthn:virtualAuthenticators: true}\nSession ID: 4520371d1345386bbe104ac3c757a443","time":{"start":1666404111181,"stop":1666404111192,"duration":11}},{"uid":"92a74a5e1793b0","reportUrl":"https://jdi-templates.github.io/jdi-light-testng-template/13//#testresult/92a74a5e1793b0","status":"skipped","statusDetails":"\n[39:11.394] java.lang.NullPointerException\nFailed to execute 'WebPage.getUrl' for element 'WebPage' during '10' seconds. Cannot invoke \"org.openqa.selenium.WebDriver.getCurrentUrl()\" because the return value of \"com.epam.jdi.light.driver.WebDriverFactory.getDriver()\" is null","time":{"start":1654274351398,"stop":1654274351403,"duration":5}},{"uid":"d81ee19fbca95e3c","reportUrl":"https://jdi-templates.github.io/jdi-light-testng-template/13//#testresult/d81ee19fbca95e3c","status":"skipped","statusDetails":"java.lang.NullPointerException","time":{"start":1654274076018,"stop":1654274076019,"duration":1}},{"uid":"1f159c2c321fbc4d","reportUrl":"https://jdi-templates.github.io/jdi-light-testng-template/12//#testresult/1f159c2c321fbc4d","status":"passed","time":{"start":1649161392641,"stop":1649161397080,"duration":4439}},{"uid":"7cbfdeb8167af263","reportUrl":"https://jdi-templates.github.io/jdi-light-testng-template/12//#testresult/7cbfdeb8167af263","status":"passed","time":{"start":1649161087394,"stop":1649161092469,"duration":5075}},{"uid":"55d0fc2b559edcad","reportUrl":"https://jdi-templates.github.io/jdi-light-testng-template/11//#testresult/55d0fc2b559edcad","status":"passed","time":{"start":1649158375497,"stop":1649158380723,"duration":5226}},{"uid":"79fb7ab4cd6da9d6","reportUrl":"https://jdi-templates.github.io/jdi-light-testng-template/11//#testresult/79fb7ab4cd6da9d6","status":"passed","time":{"start":1649158068247,"stop":1649158073002,"duration":4755}},{"uid":"5d97851d4b6ec382","reportUrl":"https://jdi-templates.github.io/jdi-light-testng-template/8//#testresult/5d97851d4b6ec382","status":"passed","time":{"start":1634235746063,"stop":1634235751135,"duration":5072}},{"uid":"72c47a64801ecf7a","reportUrl":"https://jdi-templates.github.io/jdi-light-testng-template/6//#testresult/72c47a64801ecf7a","status":"passed","time":{"start":1634232692185,"stop":1634232697181,"duration":4996}},{"uid":"e32bd01a2ee6bf8f","reportUrl":"https://jdi-templates.github.io/jdi-light-testng-template/3//#testresult/e32bd01a2ee6bf8f","status":"passed","time":{"start":1634231491215,"stop":1634231497358,"duration":6143}}]},"tags":[]},"source":"9285cb7ffeff3843.json","parameterValues":[]}