{"uid":"1139aa70b9eb03b9","name":"hugeTableSearchTest","fullName":"org.mytests.tests.example.JDIPerformanceTests.hugeTableSearchTest","historyId":"93e31f73cc9d39e058f98fba52500174","time":{"start":1666410541786,"stop":1666410541788,"duration":2},"status":"skipped","statusMessage":"\nCan't init 'page' 'performancePage' on 'SiteJdi'","statusTrace":"java.lang.RuntimeException: \nCan't init 'page' 'performancePage' on 'SiteJdi'\n\tat com.epam.jdi.light.common.Exceptions.exception(Exceptions.java:31)\n\tat com.epam.jdi.light.elements.init.PageFactory.initialize(PageFactory.java:76)\n\tat com.epam.jdi.light.elements.init.PageFactory.initSite(PageFactory.java:58)\n\tat com.epam.jdi.light.elements.init.PageFactory.initSite(PageFactory.java:51)\n\tat org.mytests.tests.TestsInit.setUp(TestsInit.java:17)\n\tat java.base/jdk.internal.reflect.NativeMethodAccessorImpl.invoke0(Native Method)\n\tat java.base/jdk.internal.reflect.NativeMethodAccessorImpl.invoke(NativeMethodAccessorImpl.java:77)\n\tat java.base/jdk.internal.reflect.DelegatingMethodAccessorImpl.invoke(DelegatingMethodAccessorImpl.java:43)\n\tat java.base/java.lang.reflect.Method.invoke(Method.java:568)\n\tat org.testng.internal.MethodInvocationHelper.invokeMethod(MethodInvocationHelper.java:133)\n\tat org.testng.internal.MethodInvocationHelper.invokeMethodConsideringTimeout(MethodInvocationHelper.java:62)\n\tat org.testng.internal.ConfigInvoker.invokeConfigurationMethod(ConfigInvoker.java:385)\n\tat org.testng.internal.ConfigInvoker.invokeConfigurations(ConfigInvoker.java:321)\n\tat org.testng.SuiteRunner.privateRun(SuiteRunner.java:317)\n\tat org.testng.SuiteRunner.run(SuiteRunner.java:276)\n\tat org.testng.SuiteRunnerWorker.runSuite(SuiteRunnerWorker.java:53)\n\tat org.testng.SuiteRunnerWorker.run(SuiteRunnerWorker.java:96)\n\tat org.testng.TestNG.runSuitesSequentially(TestNG.java:1212)\n\tat org.testng.TestNG.runSuitesLocally(TestNG.java:1134)\n\tat org.testng.TestNG.runSuites(TestNG.java:1063)\n\tat org.testng.TestNG.run(TestNG.java:1031)\n\tat org.apache.maven.surefire.testng.TestNGExecutor.run(TestNGExecutor.java:283)\n\tat org.apache.maven.surefire.testng.TestNGXmlTestSuite.execute(TestNGXmlTestSuite.java:75)\n\tat org.apache.maven.surefire.testng.TestNGProvider.invoke(TestNGProvider.java:120)\n\tat org.apache.maven.surefire.booter.ForkedBooter.invokeProviderInSameClassLoader(ForkedBooter.java:384)\n\tat org.apache.maven.surefire.booter.ForkedBooter.runSuitesInProcess(ForkedBooter.java:345)\n\tat org.apache.maven.surefire.booter.ForkedBooter.execute(ForkedBooter.java:126)\n\tat org.apache.maven.surefire.booter.ForkedBooter.main(ForkedBooter.java:418)\nCaused by: java.lang.RuntimeException: \nCan't create field 'performancePage' instance of type 'class org.mytests.uiobjects.example.site.pages.JDIPerformancePage'. Try new class org.mytests.uiobjects.example.site.pages.JDIPerformancePage() to get more details\n\tat com.epam.jdi.light.common.Exceptions.exception(Exceptions.java:31)\n\tat com.epam.jdi.light.elements.init.PageFactory.initWithConstructor(PageFactory.java:191)\n\tat com.epam.jdi.light.elements.init.PageFactory.initJdiField(PageFactory.java:104)\n\tat com.epam.jdi.light.elements.init.PageFactory.getElementInstance(PageFactory.java:91)\n\tat com.epam.jdi.light.elements.init.PageFactory.setFieldWithInstance(PageFactory.java:82)\n\tat com.epam.jdi.light.elements.init.PageFactory.initialize(PageFactory.java:74)\n\t... 26 more\nCaused by: java.lang.RuntimeException: \n\nCan't init 'element' 'textareaPerformance' on 'JDIPerformancePage'\n\tat com.epam.jdi.light.common.Exceptions.runtimeException(Exceptions.java:15)\n\tat com.epam.jdi.light.elements.init.PageFactory.initWithConstructor(PageFactory.java:189)\n\t... 30 more\n","flaky":false,"newFailed":false,"newBroken":false,"newPassed":false,"retriesCount":0,"retriesStatusChange":false,"beforeStages":[{"name":"setUp","time":{"start":1666410535739,"stop":1666410541400,"duration":5661},"description":"","status":"broken","statusMessage":"\nCan't init 'page' 'performancePage' on 'SiteJdi'","statusTrace":"java.lang.RuntimeException: \nCan't init 'page' 'performancePage' on 'SiteJdi'\n\tat com.epam.jdi.light.common.Exceptions.exception(Exceptions.java:31)\n\tat com.epam.jdi.light.elements.init.PageFactory.initialize(PageFactory.java:76)\n\tat com.epam.jdi.light.elements.init.PageFactory.initSite(PageFactory.java:58)\n\tat com.epam.jdi.light.elements.init.PageFactory.initSite(PageFactory.java:51)\n\tat org.mytests.tests.TestsInit.setUp(TestsInit.java:17)\n\tat java.base/jdk.internal.reflect.NativeMethodAccessorImpl.invoke0(Native Method)\n\tat java.base/jdk.internal.reflect.NativeMethodAccessorImpl.invoke(NativeMethodAccessorImpl.java:77)\n\tat java.base/jdk.internal.reflect.DelegatingMethodAccessorImpl.invoke(DelegatingMethodAccessorImpl.java:43)\n\tat java.base/java.lang.reflect.Method.invoke(Method.java:568)\n\tat org.testng.internal.MethodInvocationHelper.invokeMethod(MethodInvocationHelper.java:133)\n\tat org.testng.internal.MethodInvocationHelper.invokeMethodConsideringTimeout(MethodInvocationHelper.java:62)\n\tat org.testng.internal.ConfigInvoker.invokeConfigurationMethod(ConfigInvoker.java:385)\n\tat org.testng.internal.ConfigInvoker.invokeConfigurations(ConfigInvoker.java:321)\n\tat org.testng.SuiteRunner.privateRun(SuiteRunner.java:317)\n\tat org.testng.SuiteRunner.run(SuiteRunner.java:276)\n\tat org.testng.SuiteRunnerWorker.runSuite(SuiteRunnerWorker.java:53)\n\tat org.testng.SuiteRunnerWorker.run(SuiteRunnerWorker.java:96)\n\tat org.testng.TestNG.runSuitesSequentially(TestNG.java:1212)\n\tat org.testng.TestNG.runSuitesLocally(TestNG.java:1134)\n\tat org.testng.TestNG.runSuites(TestNG.java:1063)\n\tat org.testng.TestNG.run(TestNG.java:1031)\n\tat org.apache.maven.surefire.testng.TestNGExecutor.run(TestNGExecutor.java:283)\n\tat org.apache.maven.surefire.testng.TestNGXmlTestSuite.execute(TestNGXmlTestSuite.java:75)\n\tat org.apache.maven.surefire.testng.TestNGProvider.invoke(TestNGProvider.java:120)\n\tat org.apache.maven.surefire.booter.ForkedBooter.invokeProviderInSameClassLoader(ForkedBooter.java:384)\n\tat org.apache.maven.surefire.booter.ForkedBooter.runSuitesInProcess(ForkedBooter.java:345)\n\tat org.apache.maven.surefire.booter.ForkedBooter.execute(ForkedBooter.java:126)\n\tat org.apache.maven.surefire.booter.ForkedBooter.main(ForkedBooter.java:418)\nCaused by: java.lang.RuntimeException: \nCan't create field 'performancePage' instance of type 'class org.mytests.uiobjects.example.site.pages.JDIPerformancePage'. Try new class org.mytests.uiobjects.example.site.pages.JDIPerformancePage() to get more details\n\tat com.epam.jdi.light.common.Exceptions.exception(Exceptions.java:31)\n\tat com.epam.jdi.light.elements.init.PageFactory.initWithConstructor(PageFactory.java:191)\n\tat com.epam.jdi.light.elements.init.PageFactory.initJdiField(PageFactory.java:104)\n\tat com.epam.jdi.light.elements.init.PageFactory.getElementInstance(PageFactory.java:91)\n\tat com.epam.jdi.light.elements.init.PageFactory.setFieldWithInstance(PageFactory.java:82)\n\tat com.epam.jdi.light.elements.init.PageFactory.initialize(PageFactory.java:74)\n\t... 26 more\nCaused by: java.lang.RuntimeException: \n\nCan't init 'element' 'textareaPerformance' on 'JDIPerformancePage'\n\tat com.epam.jdi.light.common.Exceptions.runtimeException(Exceptions.java:15)\n\tat com.epam.jdi.light.elements.init.PageFactory.initWithConstructor(PageFactory.java:189)\n\t... 30 more\n","steps":[],"attachments":[],"parameters":[],"stepsCount":0,"attachmentsCount":0,"shouldDisplayMessage":true,"hasContent":true},{"name":"openPerformancePage","time":{"start":1666410541785,"stop":1666410541785,"duration":0},"description":"","status":"broken","steps":[],"attachments":[],"parameters":[],"stepsCount":0,"attachmentsCount":0,"shouldDisplayMessage":false,"hasContent":false}],"afterStages":[{"name":"teardown","time":{"start":1666410542015,"stop":1666410542070,"duration":55},"description":"","status":"passed","steps":[],"attachments":[],"parameters":[],"stepsCount":0,"attachmentsCount":0,"shouldDisplayMessage":false,"hasContent":false}],"labels":[{"name":"package","value":"org.mytests.tests.example.JDIPerformanceTests"},{"name":"testClass","value":"org.mytests.tests.example.JDIPerformanceTests"},{"name":"testMethod","value":"hugeTableSearchTest"},{"name":"parentSuite","value":"JDI-Light Performance"},{"name":"suite","value":"Tests"},{"name":"subSuite","value":"org.mytests.tests.example.JDIPerformanceTests"},{"name":"host","value":"fv-az96-423"},{"name":"thread","value":"2735@fv-az96-423.TestNG-test=Tests-1(20)"},{"name":"framework","value":"testng"},{"name":"language","value":"java"},{"name":"resultFormat","value":"allure2"}],"parameters":[],"links":[],"hidden":false,"retry":false,"extra":{"severity":"normal","retries":[],"categories":[],"history":{"statistic":{"failed":0,"broken":0,"skipped":13,"passed":78,"unknown":0,"total":91},"items":[{"uid":"be8b877502471a7c","reportUrl":"https://jdi-templates.github.io/jdi-light-testng-template/24//#testresult/be8b877502471a7c","status":"passed","time":{"start":1666410282881,"stop":1666410284863,"duration":1982}},{"uid":"17cb1c40ecc15599","reportUrl":"https://jdi-templates.github.io/jdi-light-testng-template/23//#testresult/17cb1c40ecc15599","status":"passed","time":{"start":1666409922695,"stop":1666409924791,"duration":2096}},{"uid":"f1975e25caccc05e","reportUrl":"https://jdi-templates.github.io/jdi-light-testng-template/22//#testresult/f1975e25caccc05e","status":"passed","time":{"start":1666409466445,"stop":1666409468771,"duration":2326}},{"uid":"453c9df0a9cc60bf","reportUrl":"https://jdi-templates.github.io/jdi-light-testng-template/21//#testresult/453c9df0a9cc60bf","status":"skipped","statusDetails":"\n[19:40.947] Failed to execute 'UIElement.click' for element 'User Icon' during '10' seconds. \norg.openqa.selenium.remote.UnreachableBrowserException: Error communicating with the remote browser. It may have died.\nBuild info: version: '4.1.0', revision: '87802e897b'\nSystem info: host: 'fv-az426-456', ip: '10.1.0.76', os.name: 'Linux', os.arch: 'amd64', os.version: '5.15.0-1022-azure', java.version: '1.8.0_345'\nDriver info: org.openqa.selenium.remote.RemoteWebDriver\nCommand: [893635193f81d324dc4a9ef708596172, switchToFrame {id=null}]\nCapabilities {acceptInsecureCerts: false, browserName: chrome, browserVersion: 106.0.5249.61, chrome: {chromedriverVersion: 106.0.5249.61 (511755355844..., userDataDir: /tmp/.com.google.Chrome.fXe7nK}, goog:chromeOptions: {debuggerAddress: localhost:37387}, javascriptEnabled: true, networkConnectionEnabled: false, pageLoadStrategy: normal, platform: LINUX, platformName: LINUX, proxy: Proxy(), setWindowRect: true, strictFileInteractability: false, timeouts: {implicit: 0, pageLoad: 300000, script: 30000}, unhandledPromptBehavior: accept, webauthn:extension:credBlob: true, webauthn:extension:largeBlob: true, webauthn:virtualAuthenticators: true}\nSession ID: 893635193f81d324dc4a9ef708596172","time":{"start":1666408781118,"stop":1666408781120,"duration":2}},{"uid":"468e19e6ad1231a5","reportUrl":"https://jdi-templates.github.io/jdi-light-testng-template/20//#testresult/468e19e6ad1231a5","status":"skipped","statusDetails":"\n[48:35.649] Failed to execute 'UIElement.click' for element 'User Icon' during '10' seconds. \norg.openqa.selenium.remote.UnreachableBrowserException: Error communicating with the remote browser. It may have died.\nBuild info: version: '4.1.0', revision: '87802e897b'\nSystem info: host: 'fv-az465-614', ip: '10.1.0.21', os.name: 'Linux', os.arch: 'amd64', os.version: '5.15.0-1022-azure', java.version: '1.8.0_345'\nDriver info: org.openqa.selenium.remote.RemoteWebDriver\nCommand: [18276046ab844004cc03f52218631abb, switchToFrame {id=null}]\nCapabilities {acceptInsecureCerts: false, browserName: chrome, browserVersion: 106.0.5249.61, chrome: {chromedriverVersion: 106.0.5249.61 (511755355844..., userDataDir: /tmp/.com.google.Chrome.UwmpsR}, goog:chromeOptions: {debuggerAddress: localhost:38801}, javascriptEnabled: true, networkConnectionEnabled: false, pageLoadStrategy: normal, platform: LINUX, platformName: LINUX, proxy: Proxy(), setWindowRect: true, strictFileInteractability: false, timeouts: {implicit: 0, pageLoad: 300000, script: 30000}, unhandledPromptBehavior: accept, webauthn:extension:credBlob: true, webauthn:extension:largeBlob: true, webauthn:virtualAuthenticators: true}\nSession ID: 18276046ab844004cc03f52218631abb","time":{"start":1666406915849,"stop":1666406915861,"duration":12}},{"uid":"bb042dd9f9ce67ba","reportUrl":"https://jdi-templates.github.io/jdi-light-testng-template/19//#testresult/bb042dd9f9ce67ba","status":"skipped","statusDetails":"\n[42:20.70] Failed to execute 'UIElement.click' for element 'User Icon' during '10' seconds. \norg.openqa.selenium.remote.UnreachableBrowserException: Error communicating with the remote browser. It may have died.\nBuild info: version: '4.1.0', revision: '87802e897b'\nSystem info: host: 'fv-az259-902', ip: '10.1.0.49', os.name: 'Linux', os.arch: 'amd64', os.version: '5.15.0-1022-azure', java.version: '1.8.0_345'\nDriver info: org.openqa.selenium.remote.RemoteWebDriver\nCommand: [ca75450bdcbc777059a40ffc18286f7b, switchToFrame {id=null}]\nCapabilities {acceptInsecureCerts: false, browserName: chrome, browserVersion: 106.0.5249.61, chrome: {chromedriverVersion: 106.0.5249.61 (511755355844..., userDataDir: /tmp/.com.google.Chrome.IWohRd}, goog:chromeOptions: {debuggerAddress: localhost:34661}, javascriptEnabled: true, networkConnectionEnabled: false, pageLoadStrategy: normal, platform: LINUX, platformName: LINUX, proxy: Proxy(), setWindowRect: true, strictFileInteractability: false, timeouts: {implicit: 0, pageLoad: 300000, script: 30000}, unhandledPromptBehavior: accept, webauthn:extension:credBlob: true, webauthn:extension:largeBlob: true, webauthn:virtualAuthenticators: true}\nSession ID: ca75450bdcbc777059a40ffc18286f7b","time":{"start":1666406540280,"stop":1666406540281,"duration":1}},{"uid":"978ce1d4b4295afd","reportUrl":"https://jdi-templates.github.io/jdi-light-testng-template/18//#testresult/978ce1d4b4295afd","status":"skipped","statusDetails":"\n[28:23.754] Failed to execute 'UIElement.click' for element 'User Icon' during '10' seconds. \norg.openqa.selenium.remote.UnreachableBrowserException: Error communicating with the remote browser. It may have died.\nBuild info: version: '4.1.0', revision: '87802e897b'\nSystem info: host: 'fv-az163-754', ip: '10.1.0.225', os.name: 'Linux', os.arch: 'amd64', os.version: '5.15.0-1022-azure', java.version: '1.8.0_345'\nDriver info: org.openqa.selenium.remote.RemoteWebDriver\nCommand: [8028aec12efd585c17d29288f9f73b4e, switchToFrame {id=null}]\nCapabilities {acceptInsecureCerts: false, browserName: chrome, browserVersion: 106.0.5249.61, chrome: {chromedriverVersion: 106.0.5249.61 (511755355844..., userDataDir: /tmp/.com.google.Chrome.zdj84A}, goog:chromeOptions: {debuggerAddress: localhost:37559}, javascriptEnabled: true, networkConnectionEnabled: false, pageLoadStrategy: normal, platform: LINUX, platformName: LINUX, proxy: Proxy(), setWindowRect: true, strictFileInteractability: false, timeouts: {implicit: 0, pageLoad: 300000, script: 30000}, unhandledPromptBehavior: accept, webauthn:extension:credBlob: true, webauthn:extension:largeBlob: true, webauthn:virtualAuthenticators: true}\nSession ID: 8028aec12efd585c17d29288f9f73b4e","time":{"start":1666405703965,"stop":1666405703967,"duration":2}},{"uid":"5889b8a6e9111452","reportUrl":"https://jdi-templates.github.io/jdi-light-testng-template/15//#testresult/5889b8a6e9111452","status":"skipped","statusDetails":"\n[05:49.447] Failed to execute 'UIElement.click' for element 'User Icon' during '10' seconds. \norg.openqa.selenium.remote.UnreachableBrowserException: Error communicating with the remote browser. It may have died.\nBuild info: version: '4.1.0', revision: '87802e897b'\nSystem info: host: 'fv-az747-993', ip: '10.1.0.119', os.name: 'Linux', os.arch: 'amd64', os.version: '5.15.0-1022-azure', java.version: '15.0.9'\nDriver info: org.openqa.selenium.remote.RemoteWebDriver\nCommand: [9aaca14a8e960ff8c25aca793299512c, switchToFrame {id=null}]\nCapabilities {acceptInsecureCerts: false, browserName: chrome, browserVersion: 94.0.4606.61, chrome: {chromedriverVersion: 94.0.4606.61 (418b78f5838ed..., userDataDir: /tmp/.com.google.Chrome.CUlnNX}, goog:chromeOptions: {debuggerAddress: localhost:42141}, javascriptEnabled: true, networkConnectionEnabled: false, pageLoadStrategy: normal, platform: LINUX, platformName: LINUX, proxy: Proxy(), setWindowRect: true, strictFileInteractability: false, timeouts: {implicit: 0, pageLoad: 300000, script: 30000}, unhandledPromptBehavior: accept, webauthn:extension:credBlob: true, webauthn:extension:largeBlob: true, webauthn:virtualAuthenticators: true}\nSession ID: 9aaca14a8e960ff8c25aca793299512c","time":{"start":1666404349492,"stop":1666404349501,"duration":9}},{"uid":"1b4fb052e0e3b4d4","reportUrl":"https://jdi-templates.github.io/jdi-light-testng-template/15//#testresult/1b4fb052e0e3b4d4","status":"skipped","statusDetails":"\n[01:51.104] Failed to execute 'UIElement.click' for element 'User Icon' during '10' seconds. \norg.openqa.selenium.remote.UnreachableBrowserException: Error communicating with the remote browser. It may have died.\nBuild info: version: '4.1.0', revision: '87802e897b'\nSystem info: host: 'fv-az77-846', ip: '10.1.0.15', os.name: 'Linux', os.arch: 'amd64', os.version: '5.15.0-1022-azure', java.version: '1.8.0_352'\nDriver info: org.openqa.selenium.remote.RemoteWebDriver\nCommand: [36d391e9e2f9c6dbdce9c89534aa8f92, switchToFrame {id=null}]\nCapabilities {acceptInsecureCerts: false, browserName: chrome, browserVersion: 94.0.4606.61, chrome: {chromedriverVersion: 94.0.4606.61 (418b78f5838ed..., userDataDir: /tmp/.com.google.Chrome.UHLke2}, goog:chromeOptions: {debuggerAddress: localhost:45909}, javascriptEnabled: true, networkConnectionEnabled: false, pageLoadStrategy: normal, platform: LINUX, platformName: LINUX, proxy: Proxy(), setWindowRect: true, strictFileInteractability: false, timeouts: {implicit: 0, pageLoad: 300000, script: 30000}, unhandledPromptBehavior: accept, webauthn:extension:credBlob: true, webauthn:extension:largeBlob: true, webauthn:virtualAuthenticators: true}\nSession ID: 36d391e9e2f9c6dbdce9c89534aa8f92","time":{"start":1666404111174,"stop":1666404111196,"duration":22}},{"uid":"805d24bc5779ea1c","reportUrl":"https://jdi-templates.github.io/jdi-light-testng-template/13//#testresult/805d24bc5779ea1c","status":"skipped","statusDetails":"\n[39:11.237] java.lang.NullPointerException\nFailed to execute 'WebPage.getUrl' for element 'WebPage' during '10' seconds. Cannot invoke \"org.openqa.selenium.WebDriver.getCurrentUrl()\" because the return value of \"com.epam.jdi.light.driver.WebDriverFactory.getDriver()\" is null","time":{"start":1654274351243,"stop":1654274351245,"duration":2}},{"uid":"3f668e3d3487e49a","reportUrl":"https://jdi-templates.github.io/jdi-light-testng-template/13//#testresult/3f668e3d3487e49a","status":"skipped","statusDetails":"java.lang.NullPointerException","time":{"start":1654274077104,"stop":1654274077108,"duration":4}},{"uid":"89a2b205db6b046e","reportUrl":"https://jdi-templates.github.io/jdi-light-testng-template/12//#testresult/89a2b205db6b046e","status":"passed","time":{"start":1649161406411,"stop":1649161410920,"duration":4509}},{"uid":"e2d1e69e61997912","reportUrl":"https://jdi-templates.github.io/jdi-light-testng-template/12//#testresult/e2d1e69e61997912","status":"passed","time":{"start":1649161105472,"stop":1649161112212,"duration":6740}},{"uid":"b53ea17d383325","reportUrl":"https://jdi-templates.github.io/jdi-light-testng-template/11//#testresult/b53ea17d383325","status":"passed","time":{"start":1649158392664,"stop":1649158399128,"duration":6464}},{"uid":"95f3f5844af31446","reportUrl":"https://jdi-templates.github.io/jdi-light-testng-template/11//#testresult/95f3f5844af31446","status":"passed","time":{"start":1649158084403,"stop":1649158090361,"duration":5958}},{"uid":"983dde101ad83e4f","reportUrl":"https://jdi-templates.github.io/jdi-light-testng-template/8//#testresult/983dde101ad83e4f","status":"passed","time":{"start":1634235757907,"stop":1634235765425,"duration":7518}},{"uid":"73a6906cd426968a","reportUrl":"https://jdi-templates.github.io/jdi-light-testng-template/6//#testresult/73a6906cd426968a","status":"passed","time":{"start":1634232701898,"stop":1634232708569,"duration":6671}},{"uid":"5317f1c6c003bd90","reportUrl":"https://jdi-templates.github.io/jdi-light-testng-template/3//#testresult/5317f1c6c003bd90","status":"passed","time":{"start":1634231502185,"stop":1634231509240,"duration":7055}},{"uid":"10fb185465bf6fe3","reportUrl":"https://jdi-templates.github.io/jdi-light-testng-template/3//#testresult/10fb185465bf6fe3","status":"passed","time":{"start":1634231000193,"stop":1634231008919,"duration":8726}},{"uid":"9eb4254f4fad462c","reportUrl":"https://jdi-templates.github.io/jdi-light-testng-template/1//#testresult/9eb4254f4fad462c","status":"passed","time":{"start":1634230465100,"stop":1634230473211,"duration":8111}}]},"tags":[]},"source":"1139aa70b9eb03b9.json","parameterValues":[]}