{"uid":"13b03866084818fe","name":"setUp","fullName":"org.mytests.tests.TestsInit.setUp","historyId":"ebf745d14ee58c414b2853666b1ec0be","time":{"start":1666410541462,"stop":1666410541504,"duration":42},"status":"broken","statusMessage":"\nCan't init 'page' 'performancePage' on 'SiteJdi'","statusTrace":"java.lang.RuntimeException: \nCan't init 'page' 'performancePage' on 'SiteJdi'\n\tat com.epam.jdi.light.common.Exceptions.exception(Exceptions.java:31)\n\tat com.epam.jdi.light.elements.init.PageFactory.initialize(PageFactory.java:76)\n\tat com.epam.jdi.light.elements.init.PageFactory.initSite(PageFactory.java:58)\n\tat com.epam.jdi.light.elements.init.PageFactory.initSite(PageFactory.java:51)\n\tat org.mytests.tests.TestsInit.setUp(TestsInit.java:17)\n\tat java.base/jdk.internal.reflect.NativeMethodAccessorImpl.invoke0(Native Method)\n\tat java.base/jdk.internal.reflect.NativeMethodAccessorImpl.invoke(NativeMethodAccessorImpl.java:77)\n\tat java.base/jdk.internal.reflect.DelegatingMethodAccessorImpl.invoke(DelegatingMethodAccessorImpl.java:43)\n\tat java.base/java.lang.reflect.Method.invoke(Method.java:568)\n\tat org.testng.internal.MethodInvocationHelper.invokeMethod(MethodInvocationHelper.java:133)\n\tat org.testng.internal.MethodInvocationHelper.invokeMethodConsideringTimeout(MethodInvocationHelper.java:62)\n\tat org.testng.internal.ConfigInvoker.invokeConfigurationMethod(ConfigInvoker.java:385)\n\tat org.testng.internal.ConfigInvoker.invokeConfigurations(ConfigInvoker.java:321)\n\tat org.testng.SuiteRunner.privateRun(SuiteRunner.java:317)\n\tat org.testng.SuiteRunner.run(SuiteRunner.java:276)\n\tat org.testng.SuiteRunnerWorker.runSuite(SuiteRunnerWorker.java:53)\n\tat org.testng.SuiteRunnerWorker.run(SuiteRunnerWorker.java:96)\n\tat org.testng.TestNG.runSuitesSequentially(TestNG.java:1212)\n\tat org.testng.TestNG.runSuitesLocally(TestNG.java:1134)\n\tat org.testng.TestNG.runSuites(TestNG.java:1063)\n\tat org.testng.TestNG.run(TestNG.java:1031)\n\tat org.apache.maven.surefire.testng.TestNGExecutor.run(TestNGExecutor.java:283)\n\tat org.apache.maven.surefire.testng.TestNGXmlTestSuite.execute(TestNGXmlTestSuite.java:75)\n\tat org.apache.maven.surefire.testng.TestNGProvider.invoke(TestNGProvider.java:120)\n\tat org.apache.maven.surefire.booter.ForkedBooter.invokeProviderInSameClassLoader(ForkedBooter.java:384)\n\tat org.apache.maven.surefire.booter.ForkedBooter.runSuitesInProcess(ForkedBooter.java:345)\n\tat org.apache.maven.surefire.booter.ForkedBooter.execute(ForkedBooter.java:126)\n\tat org.apache.maven.surefire.booter.ForkedBooter.main(ForkedBooter.java:418)\nCaused by: java.lang.RuntimeException: \nCan't create field 'performancePage' instance of type 'class org.mytests.uiobjects.example.site.pages.JDIPerformancePage'. Try new class org.mytests.uiobjects.example.site.pages.JDIPerformancePage() to get more details\n\tat com.epam.jdi.light.common.Exceptions.exception(Exceptions.java:31)\n\tat com.epam.jdi.light.elements.init.PageFactory.initWithConstructor(PageFactory.java:191)\n\tat com.epam.jdi.light.elements.init.PageFactory.initJdiField(PageFactory.java:104)\n\tat com.epam.jdi.light.elements.init.PageFactory.getElementInstance(PageFactory.java:91)\n\tat com.epam.jdi.light.elements.init.PageFactory.setFieldWithInstance(PageFactory.java:82)\n\tat com.epam.jdi.light.elements.init.PageFactory.initialize(PageFactory.java:74)\n\t... 26 more\nCaused by: java.lang.RuntimeException: \n\nCan't init 'element' 'textareaPerformance' on 'JDIPerformancePage'\n\tat com.epam.jdi.light.common.Exceptions.runtimeException(Exceptions.java:15)\n\tat com.epam.jdi.light.elements.init.PageFactory.initWithConstructor(PageFactory.java:189)\n\t... 30 more\n","flaky":false,"newFailed":false,"newBroken":false,"newPassed":false,"retriesCount":0,"retriesStatusChange":false,"beforeStages":[{"name":"setUp","time":{"start":1666410535739,"stop":1666410541400,"duration":5661},"description":"","status":"broken","statusMessage":"\nCan't init 'page' 'performancePage' on 'SiteJdi'","statusTrace":"java.lang.RuntimeException: \nCan't init 'page' 'performancePage' on 'SiteJdi'\n\tat com.epam.jdi.light.common.Exceptions.exception(Exceptions.java:31)\n\tat com.epam.jdi.light.elements.init.PageFactory.initialize(PageFactory.java:76)\n\tat com.epam.jdi.light.elements.init.PageFactory.initSite(PageFactory.java:58)\n\tat com.epam.jdi.light.elements.init.PageFactory.initSite(PageFactory.java:51)\n\tat org.mytests.tests.TestsInit.setUp(TestsInit.java:17)\n\tat java.base/jdk.internal.reflect.NativeMethodAccessorImpl.invoke0(Native Method)\n\tat java.base/jdk.internal.reflect.NativeMethodAccessorImpl.invoke(NativeMethodAccessorImpl.java:77)\n\tat java.base/jdk.internal.reflect.DelegatingMethodAccessorImpl.invoke(DelegatingMethodAccessorImpl.java:43)\n\tat java.base/java.lang.reflect.Method.invoke(Method.java:568)\n\tat org.testng.internal.MethodInvocationHelper.invokeMethod(MethodInvocationHelper.java:133)\n\tat org.testng.internal.MethodInvocationHelper.invokeMethodConsideringTimeout(MethodInvocationHelper.java:62)\n\tat org.testng.internal.ConfigInvoker.invokeConfigurationMethod(ConfigInvoker.java:385)\n\tat org.testng.internal.ConfigInvoker.invokeConfigurations(ConfigInvoker.java:321)\n\tat org.testng.SuiteRunner.privateRun(SuiteRunner.java:317)\n\tat org.testng.SuiteRunner.run(SuiteRunner.java:276)\n\tat org.testng.SuiteRunnerWorker.runSuite(SuiteRunnerWorker.java:53)\n\tat org.testng.SuiteRunnerWorker.run(SuiteRunnerWorker.java:96)\n\tat org.testng.TestNG.runSuitesSequentially(TestNG.java:1212)\n\tat org.testng.TestNG.runSuitesLocally(TestNG.java:1134)\n\tat org.testng.TestNG.runSuites(TestNG.java:1063)\n\tat org.testng.TestNG.run(TestNG.java:1031)\n\tat org.apache.maven.surefire.testng.TestNGExecutor.run(TestNGExecutor.java:283)\n\tat org.apache.maven.surefire.testng.TestNGXmlTestSuite.execute(TestNGXmlTestSuite.java:75)\n\tat org.apache.maven.surefire.testng.TestNGProvider.invoke(TestNGProvider.java:120)\n\tat org.apache.maven.surefire.booter.ForkedBooter.invokeProviderInSameClassLoader(ForkedBooter.java:384)\n\tat org.apache.maven.surefire.booter.ForkedBooter.runSuitesInProcess(ForkedBooter.java:345)\n\tat org.apache.maven.surefire.booter.ForkedBooter.execute(ForkedBooter.java:126)\n\tat org.apache.maven.surefire.booter.ForkedBooter.main(ForkedBooter.java:418)\nCaused by: java.lang.RuntimeException: \nCan't create field 'performancePage' instance of type 'class org.mytests.uiobjects.example.site.pages.JDIPerformancePage'. Try new class org.mytests.uiobjects.example.site.pages.JDIPerformancePage() to get more details\n\tat com.epam.jdi.light.common.Exceptions.exception(Exceptions.java:31)\n\tat com.epam.jdi.light.elements.init.PageFactory.initWithConstructor(PageFactory.java:191)\n\tat com.epam.jdi.light.elements.init.PageFactory.initJdiField(PageFactory.java:104)\n\tat com.epam.jdi.light.elements.init.PageFactory.getElementInstance(PageFactory.java:91)\n\tat com.epam.jdi.light.elements.init.PageFactory.setFieldWithInstance(PageFactory.java:82)\n\tat com.epam.jdi.light.elements.init.PageFactory.initialize(PageFactory.java:74)\n\t... 26 more\nCaused by: java.lang.RuntimeException: \n\nCan't init 'element' 'textareaPerformance' on 'JDIPerformancePage'\n\tat com.epam.jdi.light.common.Exceptions.runtimeException(Exceptions.java:15)\n\tat com.epam.jdi.light.elements.init.PageFactory.initWithConstructor(PageFactory.java:189)\n\t... 30 more\n","steps":[],"attachments":[],"parameters":[],"stepsCount":0,"attachmentsCount":0,"shouldDisplayMessage":true,"hasContent":true}],"afterStages":[{"name":"teardown","time":{"start":1666410542015,"stop":1666410542070,"duration":55},"description":"","status":"passed","steps":[],"attachments":[],"parameters":[],"stepsCount":0,"attachmentsCount":0,"shouldDisplayMessage":false,"hasContent":false}],"labels":[{"name":"package","value":"org.mytests.tests.example.JDIPerformanceTests"},{"name":"testClass","value":"org.mytests.tests.example.JDIPerformanceTests"},{"name":"testMethod","value":"setUp"},{"name":"parentSuite","value":"JDI-Light Performance"},{"name":"suite","value":"Tests"},{"name":"subSuite","value":"org.mytests.tests.example.JDIPerformanceTests"},{"name":"host","value":"fv-az96-423"},{"name":"thread","value":"2735@fv-az96-423.main(1)"},{"name":"framework","value":"testng"},{"name":"language","value":"java"},{"name":"AS_ID","value":"-1"},{"name":"resultFormat","value":"allure2"}],"parameters":[],"links":[],"hidden":false,"retry":false,"extra":{"severity":"normal","retries":[],"categories":[{"name":"Test defects","matchedStatuses":[],"flaky":false}],"tags":[]},"source":"13b03866084818fe.json","parameterValues":[]}