{"uid":"327024d4b90a560e","name":"fillContactFormTest","fullName":"org.mytests.tests.example.FormTests.fillContactFormTest","historyId":"8e41cf811ea4cbd476913f3a9fb7c08c","time":{"start":1666410541821,"stop":1666410541822,"duration":1},"status":"skipped","statusMessage":"\nCan't init 'page' 'performancePage' on 'SiteJdi'","statusTrace":"java.lang.RuntimeException: \nCan't init 'page' 'performancePage' on 'SiteJdi'\n\tat com.epam.jdi.light.common.Exceptions.exception(Exceptions.java:31)\n\tat com.epam.jdi.light.elements.init.PageFactory.initialize(PageFactory.java:76)\n\tat com.epam.jdi.light.elements.init.PageFactory.initSite(PageFactory.java:58)\n\tat com.epam.jdi.light.elements.init.PageFactory.initSite(PageFactory.java:51)\n\tat org.mytests.tests.TestsInit.setUp(TestsInit.java:17)\n\tat java.base/jdk.internal.reflect.NativeMethodAccessorImpl.invoke0(Native Method)\n\tat java.base/jdk.internal.reflect.NativeMethodAccessorImpl.invoke(NativeMethodAccessorImpl.java:77)\n\tat java.base/jdk.internal.reflect.DelegatingMethodAccessorImpl.invoke(DelegatingMethodAccessorImpl.java:43)\n\tat java.base/java.lang.reflect.Method.invoke(Method.java:568)\n\tat org.testng.internal.MethodInvocationHelper.invokeMethod(MethodInvocationHelper.java:133)\n\tat org.testng.internal.MethodInvocationHelper.invokeMethodConsideringTimeout(MethodInvocationHelper.java:62)\n\tat org.testng.internal.ConfigInvoker.invokeConfigurationMethod(ConfigInvoker.java:385)\n\tat org.testng.internal.ConfigInvoker.invokeConfigurations(ConfigInvoker.java:321)\n\tat org.testng.SuiteRunner.privateRun(SuiteRunner.java:317)\n\tat org.testng.SuiteRunner.run(SuiteRunner.java:276)\n\tat org.testng.SuiteRunnerWorker.runSuite(SuiteRunnerWorker.java:53)\n\tat org.testng.SuiteRunnerWorker.run(SuiteRunnerWorker.java:96)\n\tat org.testng.TestNG.runSuitesSequentially(TestNG.java:1212)\n\tat org.testng.TestNG.runSuitesLocally(TestNG.java:1134)\n\tat org.testng.TestNG.runSuites(TestNG.java:1063)\n\tat org.testng.TestNG.run(TestNG.java:1031)\n\tat org.apache.maven.surefire.testng.TestNGExecutor.run(TestNGExecutor.java:283)\n\tat org.apache.maven.surefire.testng.TestNGXmlTestSuite.execute(TestNGXmlTestSuite.java:75)\n\tat org.apache.maven.surefire.testng.TestNGProvider.invoke(TestNGProvider.java:120)\n\tat org.apache.maven.surefire.booter.ForkedBooter.invokeProviderInSameClassLoader(ForkedBooter.java:384)\n\tat org.apache.maven.surefire.booter.ForkedBooter.runSuitesInProcess(ForkedBooter.java:345)\n\tat org.apache.maven.surefire.booter.ForkedBooter.execute(ForkedBooter.java:126)\n\tat org.apache.maven.surefire.booter.ForkedBooter.main(ForkedBooter.java:418)\nCaused by: java.lang.RuntimeException: \nCan't create field 'performancePage' instance of type 'class org.mytests.uiobjects.example.site.pages.JDIPerformancePage'. Try new class org.mytests.uiobjects.example.site.pages.JDIPerformancePage() to get more details\n\tat com.epam.jdi.light.common.Exceptions.exception(Exceptions.java:31)\n\tat com.epam.jdi.light.elements.init.PageFactory.initWithConstructor(PageFactory.java:191)\n\tat com.epam.jdi.light.elements.init.PageFactory.initJdiField(PageFactory.java:104)\n\tat com.epam.jdi.light.elements.init.PageFactory.getElementInstance(PageFactory.java:91)\n\tat com.epam.jdi.light.elements.init.PageFactory.setFieldWithInstance(PageFactory.java:82)\n\tat com.epam.jdi.light.elements.init.PageFactory.initialize(PageFactory.java:74)\n\t... 26 more\nCaused by: java.lang.RuntimeException: \n\nCan't init 'element' 'textareaPerformance' on 'JDIPerformancePage'\n\tat com.epam.jdi.light.common.Exceptions.runtimeException(Exceptions.java:15)\n\tat com.epam.jdi.light.elements.init.PageFactory.initWithConstructor(PageFactory.java:189)\n\t... 30 more\n","flaky":false,"newFailed":false,"newBroken":false,"newPassed":false,"retriesCount":0,"retriesStatusChange":false,"beforeStages":[{"name":"setUp","time":{"start":1666410535739,"stop":1666410541400,"duration":5661},"description":"","status":"broken","statusMessage":"\nCan't init 'page' 'performancePage' on 'SiteJdi'","statusTrace":"java.lang.RuntimeException: \nCan't init 'page' 'performancePage' on 'SiteJdi'\n\tat com.epam.jdi.light.common.Exceptions.exception(Exceptions.java:31)\n\tat com.epam.jdi.light.elements.init.PageFactory.initialize(PageFactory.java:76)\n\tat com.epam.jdi.light.elements.init.PageFactory.initSite(PageFactory.java:58)\n\tat com.epam.jdi.light.elements.init.PageFactory.initSite(PageFactory.java:51)\n\tat org.mytests.tests.TestsInit.setUp(TestsInit.java:17)\n\tat java.base/jdk.internal.reflect.NativeMethodAccessorImpl.invoke0(Native Method)\n\tat java.base/jdk.internal.reflect.NativeMethodAccessorImpl.invoke(NativeMethodAccessorImpl.java:77)\n\tat java.base/jdk.internal.reflect.DelegatingMethodAccessorImpl.invoke(DelegatingMethodAccessorImpl.java:43)\n\tat java.base/java.lang.reflect.Method.invoke(Method.java:568)\n\tat org.testng.internal.MethodInvocationHelper.invokeMethod(MethodInvocationHelper.java:133)\n\tat org.testng.internal.MethodInvocationHelper.invokeMethodConsideringTimeout(MethodInvocationHelper.java:62)\n\tat org.testng.internal.ConfigInvoker.invokeConfigurationMethod(ConfigInvoker.java:385)\n\tat org.testng.internal.ConfigInvoker.invokeConfigurations(ConfigInvoker.java:321)\n\tat org.testng.SuiteRunner.privateRun(SuiteRunner.java:317)\n\tat org.testng.SuiteRunner.run(SuiteRunner.java:276)\n\tat org.testng.SuiteRunnerWorker.runSuite(SuiteRunnerWorker.java:53)\n\tat org.testng.SuiteRunnerWorker.run(SuiteRunnerWorker.java:96)\n\tat org.testng.TestNG.runSuitesSequentially(TestNG.java:1212)\n\tat org.testng.TestNG.runSuitesLocally(TestNG.java:1134)\n\tat org.testng.TestNG.runSuites(TestNG.java:1063)\n\tat org.testng.TestNG.run(TestNG.java:1031)\n\tat org.apache.maven.surefire.testng.TestNGExecutor.run(TestNGExecutor.java:283)\n\tat org.apache.maven.surefire.testng.TestNGXmlTestSuite.execute(TestNGXmlTestSuite.java:75)\n\tat org.apache.maven.surefire.testng.TestNGProvider.invoke(TestNGProvider.java:120)\n\tat org.apache.maven.surefire.booter.ForkedBooter.invokeProviderInSameClassLoader(ForkedBooter.java:384)\n\tat org.apache.maven.surefire.booter.ForkedBooter.runSuitesInProcess(ForkedBooter.java:345)\n\tat org.apache.maven.surefire.booter.ForkedBooter.execute(ForkedBooter.java:126)\n\tat org.apache.maven.surefire.booter.ForkedBooter.main(ForkedBooter.java:418)\nCaused by: java.lang.RuntimeException: \nCan't create field 'performancePage' instance of type 'class org.mytests.uiobjects.example.site.pages.JDIPerformancePage'. Try new class org.mytests.uiobjects.example.site.pages.JDIPerformancePage() to get more details\n\tat com.epam.jdi.light.common.Exceptions.exception(Exceptions.java:31)\n\tat com.epam.jdi.light.elements.init.PageFactory.initWithConstructor(PageFactory.java:191)\n\tat com.epam.jdi.light.elements.init.PageFactory.initJdiField(PageFactory.java:104)\n\tat com.epam.jdi.light.elements.init.PageFactory.getElementInstance(PageFactory.java:91)\n\tat com.epam.jdi.light.elements.init.PageFactory.setFieldWithInstance(PageFactory.java:82)\n\tat com.epam.jdi.light.elements.init.PageFactory.initialize(PageFactory.java:74)\n\t... 26 more\nCaused by: java.lang.RuntimeException: \n\nCan't init 'element' 'textareaPerformance' on 'JDIPerformancePage'\n\tat com.epam.jdi.light.common.Exceptions.runtimeException(Exceptions.java:15)\n\tat com.epam.jdi.light.elements.init.PageFactory.initWithConstructor(PageFactory.java:189)\n\t... 30 more\n","steps":[],"attachments":[],"parameters":[],"stepsCount":0,"attachmentsCount":0,"shouldDisplayMessage":true,"hasContent":true}],"afterStages":[{"name":"teardown","time":{"start":1666410542015,"stop":1666410542070,"duration":55},"description":"","status":"passed","steps":[],"attachments":[],"parameters":[],"stepsCount":0,"attachmentsCount":0,"shouldDisplayMessage":false,"hasContent":false}],"labels":[{"name":"package","value":"org.mytests.tests.example.FormTests"},{"name":"testClass","value":"org.mytests.tests.example.FormTests"},{"name":"testMethod","value":"fillContactFormTest"},{"name":"parentSuite","value":"JDI-Light Performance"},{"name":"suite","value":"Tests"},{"name":"subSuite","value":"org.mytests.tests.example.FormTests"},{"name":"host","value":"fv-az96-423"},{"name":"thread","value":"2735@fv-az96-423.TestNG-test=Tests-1(20)"},{"name":"framework","value":"testng"},{"name":"language","value":"java"},{"name":"resultFormat","value":"allure2"}],"parameters":[],"links":[],"hidden":false,"retry":false,"extra":{"severity":"normal","retries":[],"categories":[],"history":{"statistic":{"failed":0,"broken":8,"skipped":5,"passed":78,"unknown":0,"total":91},"items":[{"uid":"433e7a7ed3cb5d70","reportUrl":"https://jdi-templates.github.io/jdi-light-testng-template/24//#testresult/433e7a7ed3cb5d70","status":"passed","time":{"start":1666410285617,"stop":1666410295308,"duration":9691}},{"uid":"ea447c5317dfbc83","reportUrl":"https://jdi-templates.github.io/jdi-light-testng-template/23//#testresult/ea447c5317dfbc83","status":"passed","time":{"start":1666409925448,"stop":1666409934477,"duration":9029}},{"uid":"951c8e2477a798d9","reportUrl":"https://jdi-templates.github.io/jdi-light-testng-template/22//#testresult/951c8e2477a798d9","status":"passed","time":{"start":1666409469877,"stop":1666409480940,"duration":11063}},{"uid":"c03294eb2a8c7ec2","reportUrl":"https://jdi-templates.github.io/jdi-light-testng-template/21//#testresult/c03294eb2a8c7ec2","status":"broken","statusDetails":"\n[19:51.597] Failed to execute 'UIElement.click' for element 'User Icon' during '10' seconds. \norg.openqa.selenium.remote.UnreachableBrowserException: Error communicating with the remote browser. It may have died.\nBuild info: version: '4.1.0', revision: '87802e897b'\nSystem info: host: 'fv-az426-456', ip: '10.1.0.76', os.name: 'Linux', os.arch: 'amd64', os.version: '5.15.0-1022-azure', java.version: '1.8.0_345'\nDriver info: org.openqa.selenium.remote.RemoteWebDriver\nCommand: [893635193f81d324dc4a9ef708596172, switchToFrame {id=null}]\nCapabilities {acceptInsecureCerts: false, browserName: chrome, browserVersion: 106.0.5249.61, chrome: {chromedriverVersion: 106.0.5249.61 (511755355844..., userDataDir: /tmp/.com.google.Chrome.fXe7nK}, goog:chromeOptions: {debuggerAddress: localhost:37387}, javascriptEnabled: true, networkConnectionEnabled: false, pageLoadStrategy: normal, platform: LINUX, platformName: LINUX, proxy: Proxy(), setWindowRect: true, strictFileInteractability: false, timeouts: {implicit: 0, pageLoad: 300000, script: 30000}, unhandledPromptBehavior: accept, webauthn:extension:credBlob: true, webauthn:extension:largeBlob: true, webauthn:virtualAuthenticators: true}\nSession ID: 893635193f81d324dc4a9ef708596172","time":{"start":1666408781145,"stop":1666408791701,"duration":10556}},{"uid":"3c58d4a54ca5d6d5","reportUrl":"https://jdi-templates.github.io/jdi-light-testng-template/20//#testresult/3c58d4a54ca5d6d5","status":"broken","statusDetails":"\n[48:46.280] Failed to execute 'UIElement.click' for element 'User Icon' during '10' seconds. \norg.openqa.selenium.remote.UnreachableBrowserException: Error communicating with the remote browser. It may have died.\nBuild info: version: '4.1.0', revision: '87802e897b'\nSystem info: host: 'fv-az465-614', ip: '10.1.0.21', os.name: 'Linux', os.arch: 'amd64', os.version: '5.15.0-1022-azure', java.version: '1.8.0_345'\nDriver info: org.openqa.selenium.remote.RemoteWebDriver\nCommand: [1a11b001d30d64b5ca48e77528b7164d, switchToFrame {id=null}]\nCapabilities {acceptInsecureCerts: false, browserName: chrome, browserVersion: 106.0.5249.61, chrome: {chromedriverVersion: 106.0.5249.61 (511755355844..., userDataDir: /tmp/.com.google.Chrome.kK5BJd}, goog:chromeOptions: {debuggerAddress: localhost:40169}, javascriptEnabled: true, networkConnectionEnabled: false, pageLoadStrategy: normal, platform: LINUX, platformName: LINUX, proxy: Proxy(), setWindowRect: true, strictFileInteractability: false, timeouts: {implicit: 0, pageLoad: 300000, script: 30000}, unhandledPromptBehavior: accept, webauthn:extension:credBlob: true, webauthn:extension:largeBlob: true, webauthn:virtualAuthenticators: true}\nSession ID: 1a11b001d30d64b5ca48e77528b7164d","time":{"start":1666406915896,"stop":1666406926426,"duration":10530}},{"uid":"7bfe30295201d265","reportUrl":"https://jdi-templates.github.io/jdi-light-testng-template/19//#testresult/7bfe30295201d265","status":"broken","statusDetails":"\n[42:30.748] Failed to execute 'UIElement.click' for element 'User Icon' during '10' seconds. \norg.openqa.selenium.remote.UnreachableBrowserException: Error communicating with the remote browser. It may have died.\nBuild info: version: '4.1.0', revision: '87802e897b'\nSystem info: host: 'fv-az259-902', ip: '10.1.0.49', os.name: 'Linux', os.arch: 'amd64', os.version: '5.15.0-1022-azure', java.version: '1.8.0_345'\nDriver info: org.openqa.selenium.remote.RemoteWebDriver\nCommand: [ca75450bdcbc777059a40ffc18286f7b, switchToFrame {id=null}]\nCapabilities {acceptInsecureCerts: false, browserName: chrome, browserVersion: 106.0.5249.61, chrome: {chromedriverVersion: 106.0.5249.61 (511755355844..., userDataDir: /tmp/.com.google.Chrome.IWohRd}, goog:chromeOptions: {debuggerAddress: localhost:34661}, javascriptEnabled: true, networkConnectionEnabled: false, pageLoadStrategy: normal, platform: LINUX, platformName: LINUX, proxy: Proxy(), setWindowRect: true, strictFileInteractability: false, timeouts: {implicit: 0, pageLoad: 300000, script: 30000}, unhandledPromptBehavior: accept, webauthn:extension:credBlob: true, webauthn:extension:largeBlob: true, webauthn:virtualAuthenticators: true}\nSession ID: ca75450bdcbc777059a40ffc18286f7b","time":{"start":1666406540319,"stop":1666406550843,"duration":10524}},{"uid":"4047eab1bc4dabe3","reportUrl":"https://jdi-templates.github.io/jdi-light-testng-template/18//#testresult/4047eab1bc4dabe3","status":"broken","statusDetails":"\n[28:34.341] Failed to execute 'UIElement.click' for element 'User Icon' during '10' seconds. \norg.openqa.selenium.remote.UnreachableBrowserException: Error communicating with the remote browser. It may have died.\nBuild info: version: '4.1.0', revision: '87802e897b'\nSystem info: host: 'fv-az163-754', ip: '10.1.0.225', os.name: 'Linux', os.arch: 'amd64', os.version: '5.15.0-1022-azure', java.version: '1.8.0_345'\nDriver info: org.openqa.selenium.remote.RemoteWebDriver\nCommand: [8028aec12efd585c17d29288f9f73b4e, switchToFrame {id=null}]\nCapabilities {acceptInsecureCerts: false, browserName: chrome, browserVersion: 106.0.5249.61, chrome: {chromedriverVersion: 106.0.5249.61 (511755355844..., userDataDir: /tmp/.com.google.Chrome.zdj84A}, goog:chromeOptions: {debuggerAddress: localhost:37559}, javascriptEnabled: true, networkConnectionEnabled: false, pageLoadStrategy: normal, platform: LINUX, platformName: LINUX, proxy: Proxy(), setWindowRect: true, strictFileInteractability: false, timeouts: {implicit: 0, pageLoad: 300000, script: 30000}, unhandledPromptBehavior: accept, webauthn:extension:credBlob: true, webauthn:extension:largeBlob: true, webauthn:virtualAuthenticators: true}\nSession ID: 8028aec12efd585c17d29288f9f73b4e","time":{"start":1666405703984,"stop":1666405714423,"duration":10439}},{"uid":"29435a65f571e294","reportUrl":"https://jdi-templates.github.io/jdi-light-testng-template/15//#testresult/29435a65f571e294","status":"broken","statusDetails":"\n[05:49.525] Failed to execute 'UIElement.click' for element 'User Icon' during '10' seconds. \norg.openqa.selenium.remote.UnreachableBrowserException: Error communicating with the remote browser. It may have died.\nBuild info: version: '4.1.0', revision: '87802e897b'\nSystem info: host: 'fv-az747-993', ip: '10.1.0.119', os.name: 'Linux', os.arch: 'amd64', os.version: '5.15.0-1022-azure', java.version: '15.0.9'\nDriver info: org.openqa.selenium.remote.RemoteWebDriver\nCommand: [83f52549cff5eedc098aec278f88ac8e, switchToFrame {id=null}]\nCapabilities {acceptInsecureCerts: false, browserName: chrome, browserVersion: 94.0.4606.61, chrome: {chromedriverVersion: 94.0.4606.61 (418b78f5838ed..., userDataDir: /tmp/.com.google.Chrome.uem4OU}, goog:chromeOptions: {debuggerAddress: localhost:41729}, javascriptEnabled: true, networkConnectionEnabled: false, pageLoadStrategy: normal, platform: LINUX, platformName: LINUX, proxy: Proxy(), setWindowRect: true, strictFileInteractability: false, timeouts: {implicit: 0, pageLoad: 300000, script: 30000}, unhandledPromptBehavior: accept, webauthn:extension:credBlob: true, webauthn:extension:largeBlob: true, webauthn:virtualAuthenticators: true}\nSession ID: 83f52549cff5eedc098aec278f88ac8e","time":{"start":1666404332270,"stop":1666404349662,"duration":17392}},{"uid":"6995ebd10743afb","reportUrl":"https://jdi-templates.github.io/jdi-light-testng-template/15//#testresult/6995ebd10743afb","status":"broken","statusDetails":"\n[01:49.440] Failed to execute 'UIElement.click' for element 'User Icon' during '10' seconds. \norg.openqa.selenium.remote.UnreachableBrowserException: Error communicating with the remote browser. It may have died.\nBuild info: version: '4.1.0', revision: '87802e897b'\nSystem info: host: 'fv-az77-846', ip: '10.1.0.15', os.name: 'Linux', os.arch: 'amd64', os.version: '5.15.0-1022-azure', java.version: '1.8.0_352'\nDriver info: org.openqa.selenium.remote.RemoteWebDriver\nCommand: [f20fbd2a2b1a5b20982c4e0b2d881b0e, switchToFrame {id=null}]\nCapabilities {acceptInsecureCerts: false, browserName: chrome, browserVersion: 94.0.4606.61, chrome: {chromedriverVersion: 94.0.4606.61 (418b78f5838ed..., userDataDir: /tmp/.com.google.Chrome.j0lQ66}, goog:chromeOptions: {debuggerAddress: localhost:36975}, javascriptEnabled: true, networkConnectionEnabled: false, pageLoadStrategy: normal, platform: LINUX, platformName: LINUX, proxy: Proxy(), setWindowRect: true, strictFileInteractability: false, timeouts: {implicit: 0, pageLoad: 300000, script: 30000}, unhandledPromptBehavior: accept, webauthn:extension:credBlob: true, webauthn:extension:largeBlob: true, webauthn:virtualAuthenticators: true}\nSession ID: f20fbd2a2b1a5b20982c4e0b2d881b0e","time":{"start":1666404090674,"stop":1666404109682,"duration":19008}},{"uid":"6cb5b94e97293ea","reportUrl":"https://jdi-templates.github.io/jdi-light-testng-template/13//#testresult/6cb5b94e97293ea","status":"broken","statusDetails":"\n[39:36.658] java.lang.NullPointerException\nFailed to execute 'WebPage.getUrl' for element 'WebPage' during '10' seconds. Cannot invoke \"org.openqa.selenium.WebDriver.getCurrentUrl()\" because the return value of \"com.epam.jdi.light.driver.WebDriverFactory.getDriver()\" is null","time":{"start":1654274351246,"stop":1654274376663,"duration":25417}},{"uid":"72e688e26b63867f","reportUrl":"https://jdi-templates.github.io/jdi-light-testng-template/13//#testresult/72e688e26b63867f","status":"broken","statusDetails":"java.lang.NullPointerException","time":{"start":1654274076083,"stop":1654274100263,"duration":24180}},{"uid":"598017ea44745c05","reportUrl":"https://jdi-templates.github.io/jdi-light-testng-template/12//#testresult/598017ea44745c05","status":"passed","time":{"start":1649161379932,"stop":1649161415411,"duration":35479}},{"uid":"b2ce207c5fe5d857","reportUrl":"https://jdi-templates.github.io/jdi-light-testng-template/12//#testresult/b2ce207c5fe5d857","status":"passed","time":{"start":1649161070580,"stop":1649161118064,"duration":47484}},{"uid":"a9829db354428152","reportUrl":"https://jdi-templates.github.io/jdi-light-testng-template/11//#testresult/a9829db354428152","status":"passed","time":{"start":1649158360077,"stop":1649158404919,"duration":44842}},{"uid":"69310aee1a8783d1","reportUrl":"https://jdi-templates.github.io/jdi-light-testng-template/11//#testresult/69310aee1a8783d1","status":"passed","time":{"start":1649158053054,"stop":1649158095967,"duration":42913}},{"uid":"17ed3b89c7aeb8fd","reportUrl":"https://jdi-templates.github.io/jdi-light-testng-template/8//#testresult/17ed3b89c7aeb8fd","status":"passed","time":{"start":1634235727445,"stop":1634235777123,"duration":49678}},{"uid":"1957605becb80556","reportUrl":"https://jdi-templates.github.io/jdi-light-testng-template/6//#testresult/1957605becb80556","status":"passed","time":{"start":1634232674812,"stop":1634232719140,"duration":44328}},{"uid":"28e1159a3c08c092","reportUrl":"https://jdi-templates.github.io/jdi-light-testng-template/3//#testresult/28e1159a3c08c092","status":"passed","time":{"start":1634231449416,"stop":1634231523260,"duration":73844}},{"uid":"f2b491dd98d17c98","reportUrl":"https://jdi-templates.github.io/jdi-light-testng-template/3//#testresult/f2b491dd98d17c98","status":"passed","time":{"start":1634230935294,"stop":1634231020264,"duration":84970}},{"uid":"d219f70184899323","reportUrl":"https://jdi-templates.github.io/jdi-light-testng-template/1//#testresult/d219f70184899323","status":"passed","time":{"start":1634230405857,"stop":1634230486099,"duration":80242}}]},"tags":[]},"source":"327024d4b90a560e.json","parameterValues":[]}