{"uid":"3c3498c569b0106e","name":"rowMatcherTest","fullName":"org.mytests.tests.example.DataTableTests.rowMatcherTest","historyId":"b61459c8ea7ec0c6916e085c3645c919","time":{"start":1666410541893,"stop":1666410541895,"duration":2},"status":"skipped","statusMessage":"\nCan't init 'page' 'performancePage' on 'SiteJdi'","statusTrace":"java.lang.RuntimeException: \nCan't init 'page' 'performancePage' on 'SiteJdi'\n\tat com.epam.jdi.light.common.Exceptions.exception(Exceptions.java:31)\n\tat com.epam.jdi.light.elements.init.PageFactory.initialize(PageFactory.java:76)\n\tat com.epam.jdi.light.elements.init.PageFactory.initSite(PageFactory.java:58)\n\tat com.epam.jdi.light.elements.init.PageFactory.initSite(PageFactory.java:51)\n\tat org.mytests.tests.TestsInit.setUp(TestsInit.java:17)\n\tat java.base/jdk.internal.reflect.NativeMethodAccessorImpl.invoke0(Native Method)\n\tat java.base/jdk.internal.reflect.NativeMethodAccessorImpl.invoke(NativeMethodAccessorImpl.java:77)\n\tat java.base/jdk.internal.reflect.DelegatingMethodAccessorImpl.invoke(DelegatingMethodAccessorImpl.java:43)\n\tat java.base/java.lang.reflect.Method.invoke(Method.java:568)\n\tat org.testng.internal.MethodInvocationHelper.invokeMethod(MethodInvocationHelper.java:133)\n\tat org.testng.internal.MethodInvocationHelper.invokeMethodConsideringTimeout(MethodInvocationHelper.java:62)\n\tat org.testng.internal.ConfigInvoker.invokeConfigurationMethod(ConfigInvoker.java:385)\n\tat org.testng.internal.ConfigInvoker.invokeConfigurations(ConfigInvoker.java:321)\n\tat org.testng.SuiteRunner.privateRun(SuiteRunner.java:317)\n\tat org.testng.SuiteRunner.run(SuiteRunner.java:276)\n\tat org.testng.SuiteRunnerWorker.runSuite(SuiteRunnerWorker.java:53)\n\tat org.testng.SuiteRunnerWorker.run(SuiteRunnerWorker.java:96)\n\tat org.testng.TestNG.runSuitesSequentially(TestNG.java:1212)\n\tat org.testng.TestNG.runSuitesLocally(TestNG.java:1134)\n\tat org.testng.TestNG.runSuites(TestNG.java:1063)\n\tat org.testng.TestNG.run(TestNG.java:1031)\n\tat org.apache.maven.surefire.testng.TestNGExecutor.run(TestNGExecutor.java:283)\n\tat org.apache.maven.surefire.testng.TestNGXmlTestSuite.execute(TestNGXmlTestSuite.java:75)\n\tat org.apache.maven.surefire.testng.TestNGProvider.invoke(TestNGProvider.java:120)\n\tat org.apache.maven.surefire.booter.ForkedBooter.invokeProviderInSameClassLoader(ForkedBooter.java:384)\n\tat org.apache.maven.surefire.booter.ForkedBooter.runSuitesInProcess(ForkedBooter.java:345)\n\tat org.apache.maven.surefire.booter.ForkedBooter.execute(ForkedBooter.java:126)\n\tat org.apache.maven.surefire.booter.ForkedBooter.main(ForkedBooter.java:418)\nCaused by: java.lang.RuntimeException: \nCan't create field 'performancePage' instance of type 'class org.mytests.uiobjects.example.site.pages.JDIPerformancePage'. Try new class org.mytests.uiobjects.example.site.pages.JDIPerformancePage() to get more details\n\tat com.epam.jdi.light.common.Exceptions.exception(Exceptions.java:31)\n\tat com.epam.jdi.light.elements.init.PageFactory.initWithConstructor(PageFactory.java:191)\n\tat com.epam.jdi.light.elements.init.PageFactory.initJdiField(PageFactory.java:104)\n\tat com.epam.jdi.light.elements.init.PageFactory.getElementInstance(PageFactory.java:91)\n\tat com.epam.jdi.light.elements.init.PageFactory.setFieldWithInstance(PageFactory.java:82)\n\tat com.epam.jdi.light.elements.init.PageFactory.initialize(PageFactory.java:74)\n\t... 26 more\nCaused by: java.lang.RuntimeException: \n\nCan't init 'element' 'textareaPerformance' on 'JDIPerformancePage'\n\tat com.epam.jdi.light.common.Exceptions.runtimeException(Exceptions.java:15)\n\tat com.epam.jdi.light.elements.init.PageFactory.initWithConstructor(PageFactory.java:189)\n\t... 30 more\n","flaky":false,"newFailed":false,"newBroken":false,"newPassed":false,"retriesCount":0,"retriesStatusChange":false,"beforeStages":[{"name":"setUp","time":{"start":1666410535739,"stop":1666410541400,"duration":5661},"description":"","status":"broken","statusMessage":"\nCan't init 'page' 'performancePage' on 'SiteJdi'","statusTrace":"java.lang.RuntimeException: \nCan't init 'page' 'performancePage' on 'SiteJdi'\n\tat com.epam.jdi.light.common.Exceptions.exception(Exceptions.java:31)\n\tat com.epam.jdi.light.elements.init.PageFactory.initialize(PageFactory.java:76)\n\tat com.epam.jdi.light.elements.init.PageFactory.initSite(PageFactory.java:58)\n\tat com.epam.jdi.light.elements.init.PageFactory.initSite(PageFactory.java:51)\n\tat org.mytests.tests.TestsInit.setUp(TestsInit.java:17)\n\tat java.base/jdk.internal.reflect.NativeMethodAccessorImpl.invoke0(Native Method)\n\tat java.base/jdk.internal.reflect.NativeMethodAccessorImpl.invoke(NativeMethodAccessorImpl.java:77)\n\tat java.base/jdk.internal.reflect.DelegatingMethodAccessorImpl.invoke(DelegatingMethodAccessorImpl.java:43)\n\tat java.base/java.lang.reflect.Method.invoke(Method.java:568)\n\tat org.testng.internal.MethodInvocationHelper.invokeMethod(MethodInvocationHelper.java:133)\n\tat org.testng.internal.MethodInvocationHelper.invokeMethodConsideringTimeout(MethodInvocationHelper.java:62)\n\tat org.testng.internal.ConfigInvoker.invokeConfigurationMethod(ConfigInvoker.java:385)\n\tat org.testng.internal.ConfigInvoker.invokeConfigurations(ConfigInvoker.java:321)\n\tat org.testng.SuiteRunner.privateRun(SuiteRunner.java:317)\n\tat org.testng.SuiteRunner.run(SuiteRunner.java:276)\n\tat org.testng.SuiteRunnerWorker.runSuite(SuiteRunnerWorker.java:53)\n\tat org.testng.SuiteRunnerWorker.run(SuiteRunnerWorker.java:96)\n\tat org.testng.TestNG.runSuitesSequentially(TestNG.java:1212)\n\tat org.testng.TestNG.runSuitesLocally(TestNG.java:1134)\n\tat org.testng.TestNG.runSuites(TestNG.java:1063)\n\tat org.testng.TestNG.run(TestNG.java:1031)\n\tat org.apache.maven.surefire.testng.TestNGExecutor.run(TestNGExecutor.java:283)\n\tat org.apache.maven.surefire.testng.TestNGXmlTestSuite.execute(TestNGXmlTestSuite.java:75)\n\tat org.apache.maven.surefire.testng.TestNGProvider.invoke(TestNGProvider.java:120)\n\tat org.apache.maven.surefire.booter.ForkedBooter.invokeProviderInSameClassLoader(ForkedBooter.java:384)\n\tat org.apache.maven.surefire.booter.ForkedBooter.runSuitesInProcess(ForkedBooter.java:345)\n\tat org.apache.maven.surefire.booter.ForkedBooter.execute(ForkedBooter.java:126)\n\tat org.apache.maven.surefire.booter.ForkedBooter.main(ForkedBooter.java:418)\nCaused by: java.lang.RuntimeException: \nCan't create field 'performancePage' instance of type 'class org.mytests.uiobjects.example.site.pages.JDIPerformancePage'. Try new class org.mytests.uiobjects.example.site.pages.JDIPerformancePage() to get more details\n\tat com.epam.jdi.light.common.Exceptions.exception(Exceptions.java:31)\n\tat com.epam.jdi.light.elements.init.PageFactory.initWithConstructor(PageFactory.java:191)\n\tat com.epam.jdi.light.elements.init.PageFactory.initJdiField(PageFactory.java:104)\n\tat com.epam.jdi.light.elements.init.PageFactory.getElementInstance(PageFactory.java:91)\n\tat com.epam.jdi.light.elements.init.PageFactory.setFieldWithInstance(PageFactory.java:82)\n\tat com.epam.jdi.light.elements.init.PageFactory.initialize(PageFactory.java:74)\n\t... 26 more\nCaused by: java.lang.RuntimeException: \n\nCan't init 'element' 'textareaPerformance' on 'JDIPerformancePage'\n\tat com.epam.jdi.light.common.Exceptions.runtimeException(Exceptions.java:15)\n\tat com.epam.jdi.light.elements.init.PageFactory.initWithConstructor(PageFactory.java:189)\n\t... 30 more\n","steps":[],"attachments":[],"parameters":[],"stepsCount":0,"attachmentsCount":0,"shouldDisplayMessage":true,"hasContent":true},{"name":"before","time":{"start":1666410541892,"stop":1666410541892,"duration":0},"description":"","status":"broken","steps":[],"attachments":[],"parameters":[],"stepsCount":0,"attachmentsCount":0,"shouldDisplayMessage":false,"hasContent":false}],"afterStages":[{"name":"teardown","time":{"start":1666410542015,"stop":1666410542070,"duration":55},"description":"","status":"passed","steps":[],"attachments":[],"parameters":[],"stepsCount":0,"attachmentsCount":0,"shouldDisplayMessage":false,"hasContent":false}],"labels":[{"name":"package","value":"org.mytests.tests.example.DataTableTests"},{"name":"testClass","value":"org.mytests.tests.example.DataTableTests"},{"name":"testMethod","value":"rowMatcherTest"},{"name":"parentSuite","value":"JDI-Light Performance"},{"name":"suite","value":"Tests"},{"name":"subSuite","value":"org.mytests.tests.example.DataTableTests"},{"name":"host","value":"fv-az96-423"},{"name":"thread","value":"2735@fv-az96-423.TestNG-test=Tests-2(21)"},{"name":"framework","value":"testng"},{"name":"language","value":"java"},{"name":"resultFormat","value":"allure2"}],"parameters":[],"links":[],"hidden":false,"retry":false,"extra":{"severity":"normal","retries":[],"categories":[],"history":{"statistic":{"failed":0,"broken":0,"skipped":14,"passed":77,"unknown":0,"total":91},"items":[{"uid":"8902a31abb91b1c1","reportUrl":"https://jdi-templates.github.io/jdi-light-testng-template/24//#testresult/8902a31abb91b1c1","status":"passed","time":{"start":1666410315905,"stop":1666410317412,"duration":1507}},{"uid":"d0d1539b5149aaf8","reportUrl":"https://jdi-templates.github.io/jdi-light-testng-template/23//#testresult/d0d1539b5149aaf8","status":"passed","time":{"start":1666409954932,"stop":1666409956415,"duration":1483}},{"uid":"3285c4e25236a6fc","reportUrl":"https://jdi-templates.github.io/jdi-light-testng-template/22//#testresult/3285c4e25236a6fc","status":"passed","time":{"start":1666409506462,"stop":1666409508259,"duration":1797}},{"uid":"6ba58cbe7a73da3e","reportUrl":"https://jdi-templates.github.io/jdi-light-testng-template/21//#testresult/6ba58cbe7a73da3e","status":"skipped","statusDetails":"\n[19:51.595] Failed to execute 'UIElement.click' for element 'User Icon' during '10' seconds. \norg.openqa.selenium.remote.UnreachableBrowserException: Error communicating with the remote browser. It may have died.\nBuild info: version: '4.1.0', revision: '87802e897b'\nSystem info: host: 'fv-az426-456', ip: '10.1.0.76', os.name: 'Linux', os.arch: 'amd64', os.version: '5.15.0-1022-azure', java.version: '1.8.0_345'\nDriver info: org.openqa.selenium.remote.RemoteWebDriver\nCommand: [fc3203496eb362ab09a37d6a5368907e, switchToFrame {id=null}]\nCapabilities {acceptInsecureCerts: false, browserName: chrome, browserVersion: 106.0.5249.61, chrome: {chromedriverVersion: 106.0.5249.61 (511755355844..., userDataDir: /tmp/.com.google.Chrome.qM60CD}, goog:chromeOptions: {debuggerAddress: localhost:41411}, javascriptEnabled: true, networkConnectionEnabled: false, pageLoadStrategy: normal, platform: LINUX, platformName: LINUX, proxy: Proxy(), setWindowRect: true, strictFileInteractability: false, timeouts: {implicit: 0, pageLoad: 300000, script: 30000}, unhandledPromptBehavior: accept, webauthn:extension:credBlob: true, webauthn:extension:largeBlob: true, webauthn:virtualAuthenticators: true}\nSession ID: fc3203496eb362ab09a37d6a5368907e","time":{"start":1666408791736,"stop":1666408791737,"duration":1}},{"uid":"ed0940439e1f4c61","reportUrl":"https://jdi-templates.github.io/jdi-light-testng-template/20//#testresult/ed0940439e1f4c61","status":"skipped","statusDetails":"\n[48:46.303] Failed to execute 'UIElement.click' for element 'User Icon' during '10' seconds. \norg.openqa.selenium.remote.UnreachableBrowserException: Error communicating with the remote browser. It may have died.\nBuild info: version: '4.1.0', revision: '87802e897b'\nSystem info: host: 'fv-az465-614', ip: '10.1.0.21', os.name: 'Linux', os.arch: 'amd64', os.version: '5.15.0-1022-azure', java.version: '1.8.0_345'\nDriver info: org.openqa.selenium.remote.RemoteWebDriver\nCommand: [18276046ab844004cc03f52218631abb, switchToFrame {id=null}]\nCapabilities {acceptInsecureCerts: false, browserName: chrome, browserVersion: 106.0.5249.61, chrome: {chromedriverVersion: 106.0.5249.61 (511755355844..., userDataDir: /tmp/.com.google.Chrome.UwmpsR}, goog:chromeOptions: {debuggerAddress: localhost:38801}, javascriptEnabled: true, networkConnectionEnabled: false, pageLoadStrategy: normal, platform: LINUX, platformName: LINUX, proxy: Proxy(), setWindowRect: true, strictFileInteractability: false, timeouts: {implicit: 0, pageLoad: 300000, script: 30000}, unhandledPromptBehavior: accept, webauthn:extension:credBlob: true, webauthn:extension:largeBlob: true, webauthn:virtualAuthenticators: true}\nSession ID: 18276046ab844004cc03f52218631abb","time":{"start":1666406926473,"stop":1666406926479,"duration":6}},{"uid":"441539063ec0d319","reportUrl":"https://jdi-templates.github.io/jdi-light-testng-template/19//#testresult/441539063ec0d319","status":"skipped","statusDetails":"\n[42:30.731] Failed to execute 'UIElement.click' for element 'User Icon' during '10' seconds. \norg.openqa.selenium.remote.UnreachableBrowserException: Error communicating with the remote browser. It may have died.\nBuild info: version: '4.1.0', revision: '87802e897b'\nSystem info: host: 'fv-az259-902', ip: '10.1.0.49', os.name: 'Linux', os.arch: 'amd64', os.version: '5.15.0-1022-azure', java.version: '1.8.0_345'\nDriver info: org.openqa.selenium.remote.RemoteWebDriver\nCommand: [cfa28c0b4c6d1ed40cf313d803ddb918, switchToFrame {id=null}]\nCapabilities {acceptInsecureCerts: false, browserName: chrome, browserVersion: 106.0.5249.61, chrome: {chromedriverVersion: 106.0.5249.61 (511755355844..., userDataDir: /tmp/.com.google.Chrome.sQJC58}, goog:chromeOptions: {debuggerAddress: localhost:35253}, javascriptEnabled: true, networkConnectionEnabled: false, pageLoadStrategy: normal, platform: LINUX, platformName: LINUX, proxy: Proxy(), setWindowRect: true, strictFileInteractability: false, timeouts: {implicit: 0, pageLoad: 300000, script: 30000}, unhandledPromptBehavior: accept, webauthn:extension:credBlob: true, webauthn:extension:largeBlob: true, webauthn:virtualAuthenticators: true}\nSession ID: cfa28c0b4c6d1ed40cf313d803ddb918","time":{"start":1666406550935,"stop":1666406550939,"duration":4}},{"uid":"8b9c58e5e2299fa4","reportUrl":"https://jdi-templates.github.io/jdi-light-testng-template/18//#testresult/8b9c58e5e2299fa4","status":"skipped","statusDetails":"\n[28:34.349] Failed to execute 'UIElement.click' for element 'User Icon' during '10' seconds. \norg.openqa.selenium.remote.UnreachableBrowserException: Error communicating with the remote browser. It may have died.\nBuild info: version: '4.1.0', revision: '87802e897b'\nSystem info: host: 'fv-az163-754', ip: '10.1.0.225', os.name: 'Linux', os.arch: 'amd64', os.version: '5.15.0-1022-azure', java.version: '1.8.0_345'\nDriver info: org.openqa.selenium.remote.RemoteWebDriver\nCommand: [996441039c4d1ae6c007a83e33ec7dcb, switchToFrame {id=null}]\nCapabilities {acceptInsecureCerts: false, browserName: chrome, browserVersion: 106.0.5249.61, chrome: {chromedriverVersion: 106.0.5249.61 (511755355844..., userDataDir: /tmp/.com.google.Chrome.NC3shy}, goog:chromeOptions: {debuggerAddress: localhost:46843}, javascriptEnabled: true, networkConnectionEnabled: false, pageLoadStrategy: normal, platform: LINUX, platformName: LINUX, proxy: Proxy(), setWindowRect: true, strictFileInteractability: false, timeouts: {implicit: 0, pageLoad: 300000, script: 30000}, unhandledPromptBehavior: accept, webauthn:extension:credBlob: true, webauthn:extension:largeBlob: true, webauthn:virtualAuthenticators: true}\nSession ID: 996441039c4d1ae6c007a83e33ec7dcb","time":{"start":1666405714483,"stop":1666405714485,"duration":2}},{"uid":"ad5a3ef7449e241c","reportUrl":"https://jdi-templates.github.io/jdi-light-testng-template/15//#testresult/ad5a3ef7449e241c","status":"skipped","statusDetails":"\n[05:49.704] Failed to execute 'UIElement.click' for element 'User Icon' during '10' seconds. \norg.openqa.selenium.remote.UnreachableBrowserException: Error communicating with the remote browser. It may have died.\nBuild info: version: '4.1.0', revision: '87802e897b'\nSystem info: host: 'fv-az747-993', ip: '10.1.0.119', os.name: 'Linux', os.arch: 'amd64', os.version: '5.15.0-1022-azure', java.version: '15.0.9'\nDriver info: org.openqa.selenium.remote.RemoteWebDriver\nCommand: [7a8d84f41c26d1e28d290d54ca4d9ca3, switchToFrame {id=null}]\nCapabilities {acceptInsecureCerts: false, browserName: chrome, browserVersion: 94.0.4606.61, chrome: {chromedriverVersion: 94.0.4606.61 (418b78f5838ed..., userDataDir: /tmp/.com.google.Chrome.tFDIoC}, goog:chromeOptions: {debuggerAddress: localhost:34269}, javascriptEnabled: true, networkConnectionEnabled: false, pageLoadStrategy: normal, platform: LINUX, platformName: LINUX, proxy: Proxy(), setWindowRect: true, strictFileInteractability: false, timeouts: {implicit: 0, pageLoad: 300000, script: 30000}, unhandledPromptBehavior: accept, webauthn:extension:credBlob: true, webauthn:extension:largeBlob: true, webauthn:virtualAuthenticators: true}\nSession ID: 7a8d84f41c26d1e28d290d54ca4d9ca3","time":{"start":1666404349879,"stop":1666404349881,"duration":2}},{"uid":"8c989f22ff89da5f","reportUrl":"https://jdi-templates.github.io/jdi-light-testng-template/15//#testresult/8c989f22ff89da5f","status":"skipped","statusDetails":"\n[01:50.942] Failed to execute 'UIElement.click' for element 'User Icon' during '10' seconds. \norg.openqa.selenium.remote.UnreachableBrowserException: Error communicating with the remote browser. It may have died.\nBuild info: version: '4.1.0', revision: '87802e897b'\nSystem info: host: 'fv-az77-846', ip: '10.1.0.15', os.name: 'Linux', os.arch: 'amd64', os.version: '5.15.0-1022-azure', java.version: '1.8.0_352'\nDriver info: org.openqa.selenium.remote.RemoteWebDriver\nCommand: [d671fedb3f16f8c2499e815575f34ae1, switchToFrame {id=null}]\nCapabilities {acceptInsecureCerts: false, browserName: chrome, browserVersion: 94.0.4606.61, chrome: {chromedriverVersion: 94.0.4606.61 (418b78f5838ed..., userDataDir: /tmp/.com.google.Chrome.ORrwY3}, goog:chromeOptions: {debuggerAddress: localhost:43657}, javascriptEnabled: true, networkConnectionEnabled: false, pageLoadStrategy: normal, platform: LINUX, platformName: LINUX, proxy: Proxy(), setWindowRect: true, strictFileInteractability: false, timeouts: {implicit: 0, pageLoad: 300000, script: 30000}, unhandledPromptBehavior: accept, webauthn:extension:credBlob: true, webauthn:extension:largeBlob: true, webauthn:virtualAuthenticators: true}\nSession ID: d671fedb3f16f8c2499e815575f34ae1","time":{"start":1666404111280,"stop":1666404111281,"duration":1}},{"uid":"b3e484d8b4d7cfd6","reportUrl":"https://jdi-templates.github.io/jdi-light-testng-template/13//#testresult/b3e484d8b4d7cfd6","status":"skipped","statusDetails":"\n[39:59.998] java.lang.NullPointerException\nFailed to execute 'WebPage.getUrl' for element 'WebPage' during '10' seconds. Cannot invoke \"org.openqa.selenium.WebDriver.getCurrentUrl()\" because the return value of \"com.epam.jdi.light.driver.WebDriverFactory.getDriver()\" is null","time":{"start":1654274400115,"stop":1654274400119,"duration":4}},{"uid":"c566b2b7c5200c9f","reportUrl":"https://jdi-templates.github.io/jdi-light-testng-template/13//#testresult/c566b2b7c5200c9f","status":"skipped","statusDetails":"java.lang.NullPointerException","time":{"start":1654274102782,"stop":1654274102782,"duration":0}},{"uid":"b00afc7c0014b757","reportUrl":"https://jdi-templates.github.io/jdi-light-testng-template/12//#testresult/b00afc7c0014b757","status":"passed","time":{"start":1649161434181,"stop":1649161435626,"duration":1445}},{"uid":"e5dc591af4de57f","reportUrl":"https://jdi-templates.github.io/jdi-light-testng-template/12//#testresult/e5dc591af4de57f","status":"passed","time":{"start":1649161146232,"stop":1649161148361,"duration":2129}},{"uid":"6a1328f090fb74f9","reportUrl":"https://jdi-templates.github.io/jdi-light-testng-template/11//#testresult/6a1328f090fb74f9","status":"passed","time":{"start":1649158429215,"stop":1649158430951,"duration":1736}},{"uid":"a71adbf6204e565a","reportUrl":"https://jdi-templates.github.io/jdi-light-testng-template/11//#testresult/a71adbf6204e565a","status":"passed","time":{"start":1649158119345,"stop":1649158121144,"duration":1799}},{"uid":"61eb7e6794ea4fa0","reportUrl":"https://jdi-templates.github.io/jdi-light-testng-template/8//#testresult/61eb7e6794ea4fa0","status":"passed","time":{"start":1634235835100,"stop":1634235839422,"duration":4322}},{"uid":"fd03a1fb7afd08fe","reportUrl":"https://jdi-templates.github.io/jdi-light-testng-template/6//#testresult/fd03a1fb7afd08fe","status":"passed","time":{"start":1634232771326,"stop":1634232775710,"duration":4384}},{"uid":"854250162a090024","reportUrl":"https://jdi-templates.github.io/jdi-light-testng-template/3//#testresult/854250162a090024","status":"passed","time":{"start":1634231585766,"stop":1634231590850,"duration":5084}},{"uid":"a8b550c367a85362","reportUrl":"https://jdi-templates.github.io/jdi-light-testng-template/3//#testresult/a8b550c367a85362","status":"passed","time":{"start":1634231091284,"stop":1634231096897,"duration":5613}},{"uid":"76167be65cdb97be","reportUrl":"https://jdi-templates.github.io/jdi-light-testng-template/1//#testresult/76167be65cdb97be","status":"passed","time":{"start":1634230553681,"stop":1634230559138,"duration":5457}}]},"tags":[]},"source":"3c3498c569b0106e.json","parameterValues":[]}