{"uid":"922ab2a33bab454e","name":"rowTableMatcherSingleTest","fullName":"org.mytests.tests.example.DataTableTests.rowTableMatcherSingleTest","historyId":"a52aad8cd0f215e97afd46cabf45ae25","time":{"start":1666410541896,"stop":1666410541899,"duration":3},"status":"skipped","statusMessage":"\nCan't init 'page' 'performancePage' on 'SiteJdi'","statusTrace":"java.lang.RuntimeException: \nCan't init 'page' 'performancePage' on 'SiteJdi'\n\tat com.epam.jdi.light.common.Exceptions.exception(Exceptions.java:31)\n\tat com.epam.jdi.light.elements.init.PageFactory.initialize(PageFactory.java:76)\n\tat com.epam.jdi.light.elements.init.PageFactory.initSite(PageFactory.java:58)\n\tat com.epam.jdi.light.elements.init.PageFactory.initSite(PageFactory.java:51)\n\tat org.mytests.tests.TestsInit.setUp(TestsInit.java:17)\n\tat java.base/jdk.internal.reflect.NativeMethodAccessorImpl.invoke0(Native Method)\n\tat java.base/jdk.internal.reflect.NativeMethodAccessorImpl.invoke(NativeMethodAccessorImpl.java:77)\n\tat java.base/jdk.internal.reflect.DelegatingMethodAccessorImpl.invoke(DelegatingMethodAccessorImpl.java:43)\n\tat java.base/java.lang.reflect.Method.invoke(Method.java:568)\n\tat org.testng.internal.MethodInvocationHelper.invokeMethod(MethodInvocationHelper.java:133)\n\tat org.testng.internal.MethodInvocationHelper.invokeMethodConsideringTimeout(MethodInvocationHelper.java:62)\n\tat org.testng.internal.ConfigInvoker.invokeConfigurationMethod(ConfigInvoker.java:385)\n\tat org.testng.internal.ConfigInvoker.invokeConfigurations(ConfigInvoker.java:321)\n\tat org.testng.SuiteRunner.privateRun(SuiteRunner.java:317)\n\tat org.testng.SuiteRunner.run(SuiteRunner.java:276)\n\tat org.testng.SuiteRunnerWorker.runSuite(SuiteRunnerWorker.java:53)\n\tat org.testng.SuiteRunnerWorker.run(SuiteRunnerWorker.java:96)\n\tat org.testng.TestNG.runSuitesSequentially(TestNG.java:1212)\n\tat org.testng.TestNG.runSuitesLocally(TestNG.java:1134)\n\tat org.testng.TestNG.runSuites(TestNG.java:1063)\n\tat org.testng.TestNG.run(TestNG.java:1031)\n\tat org.apache.maven.surefire.testng.TestNGExecutor.run(TestNGExecutor.java:283)\n\tat org.apache.maven.surefire.testng.TestNGXmlTestSuite.execute(TestNGXmlTestSuite.java:75)\n\tat org.apache.maven.surefire.testng.TestNGProvider.invoke(TestNGProvider.java:120)\n\tat org.apache.maven.surefire.booter.ForkedBooter.invokeProviderInSameClassLoader(ForkedBooter.java:384)\n\tat org.apache.maven.surefire.booter.ForkedBooter.runSuitesInProcess(ForkedBooter.java:345)\n\tat org.apache.maven.surefire.booter.ForkedBooter.execute(ForkedBooter.java:126)\n\tat org.apache.maven.surefire.booter.ForkedBooter.main(ForkedBooter.java:418)\nCaused by: java.lang.RuntimeException: \nCan't create field 'performancePage' instance of type 'class org.mytests.uiobjects.example.site.pages.JDIPerformancePage'. Try new class org.mytests.uiobjects.example.site.pages.JDIPerformancePage() to get more details\n\tat com.epam.jdi.light.common.Exceptions.exception(Exceptions.java:31)\n\tat com.epam.jdi.light.elements.init.PageFactory.initWithConstructor(PageFactory.java:191)\n\tat com.epam.jdi.light.elements.init.PageFactory.initJdiField(PageFactory.java:104)\n\tat com.epam.jdi.light.elements.init.PageFactory.getElementInstance(PageFactory.java:91)\n\tat com.epam.jdi.light.elements.init.PageFactory.setFieldWithInstance(PageFactory.java:82)\n\tat com.epam.jdi.light.elements.init.PageFactory.initialize(PageFactory.java:74)\n\t... 26 more\nCaused by: java.lang.RuntimeException: \n\nCan't init 'element' 'textareaPerformance' on 'JDIPerformancePage'\n\tat com.epam.jdi.light.common.Exceptions.runtimeException(Exceptions.java:15)\n\tat com.epam.jdi.light.elements.init.PageFactory.initWithConstructor(PageFactory.java:189)\n\t... 30 more\n","flaky":false,"newFailed":false,"newBroken":false,"newPassed":false,"retriesCount":0,"retriesStatusChange":false,"beforeStages":[{"name":"setUp","time":{"start":1666410535739,"stop":1666410541400,"duration":5661},"description":"","status":"broken","statusMessage":"\nCan't init 'page' 'performancePage' on 'SiteJdi'","statusTrace":"java.lang.RuntimeException: \nCan't init 'page' 'performancePage' on 'SiteJdi'\n\tat com.epam.jdi.light.common.Exceptions.exception(Exceptions.java:31)\n\tat com.epam.jdi.light.elements.init.PageFactory.initialize(PageFactory.java:76)\n\tat com.epam.jdi.light.elements.init.PageFactory.initSite(PageFactory.java:58)\n\tat com.epam.jdi.light.elements.init.PageFactory.initSite(PageFactory.java:51)\n\tat org.mytests.tests.TestsInit.setUp(TestsInit.java:17)\n\tat java.base/jdk.internal.reflect.NativeMethodAccessorImpl.invoke0(Native Method)\n\tat java.base/jdk.internal.reflect.NativeMethodAccessorImpl.invoke(NativeMethodAccessorImpl.java:77)\n\tat java.base/jdk.internal.reflect.DelegatingMethodAccessorImpl.invoke(DelegatingMethodAccessorImpl.java:43)\n\tat java.base/java.lang.reflect.Method.invoke(Method.java:568)\n\tat org.testng.internal.MethodInvocationHelper.invokeMethod(MethodInvocationHelper.java:133)\n\tat org.testng.internal.MethodInvocationHelper.invokeMethodConsideringTimeout(MethodInvocationHelper.java:62)\n\tat org.testng.internal.ConfigInvoker.invokeConfigurationMethod(ConfigInvoker.java:385)\n\tat org.testng.internal.ConfigInvoker.invokeConfigurations(ConfigInvoker.java:321)\n\tat org.testng.SuiteRunner.privateRun(SuiteRunner.java:317)\n\tat org.testng.SuiteRunner.run(SuiteRunner.java:276)\n\tat org.testng.SuiteRunnerWorker.runSuite(SuiteRunnerWorker.java:53)\n\tat org.testng.SuiteRunnerWorker.run(SuiteRunnerWorker.java:96)\n\tat org.testng.TestNG.runSuitesSequentially(TestNG.java:1212)\n\tat org.testng.TestNG.runSuitesLocally(TestNG.java:1134)\n\tat org.testng.TestNG.runSuites(TestNG.java:1063)\n\tat org.testng.TestNG.run(TestNG.java:1031)\n\tat org.apache.maven.surefire.testng.TestNGExecutor.run(TestNGExecutor.java:283)\n\tat org.apache.maven.surefire.testng.TestNGXmlTestSuite.execute(TestNGXmlTestSuite.java:75)\n\tat org.apache.maven.surefire.testng.TestNGProvider.invoke(TestNGProvider.java:120)\n\tat org.apache.maven.surefire.booter.ForkedBooter.invokeProviderInSameClassLoader(ForkedBooter.java:384)\n\tat org.apache.maven.surefire.booter.ForkedBooter.runSuitesInProcess(ForkedBooter.java:345)\n\tat org.apache.maven.surefire.booter.ForkedBooter.execute(ForkedBooter.java:126)\n\tat org.apache.maven.surefire.booter.ForkedBooter.main(ForkedBooter.java:418)\nCaused by: java.lang.RuntimeException: \nCan't create field 'performancePage' instance of type 'class org.mytests.uiobjects.example.site.pages.JDIPerformancePage'. Try new class org.mytests.uiobjects.example.site.pages.JDIPerformancePage() to get more details\n\tat com.epam.jdi.light.common.Exceptions.exception(Exceptions.java:31)\n\tat com.epam.jdi.light.elements.init.PageFactory.initWithConstructor(PageFactory.java:191)\n\tat com.epam.jdi.light.elements.init.PageFactory.initJdiField(PageFactory.java:104)\n\tat com.epam.jdi.light.elements.init.PageFactory.getElementInstance(PageFactory.java:91)\n\tat com.epam.jdi.light.elements.init.PageFactory.setFieldWithInstance(PageFactory.java:82)\n\tat com.epam.jdi.light.elements.init.PageFactory.initialize(PageFactory.java:74)\n\t... 26 more\nCaused by: java.lang.RuntimeException: \n\nCan't init 'element' 'textareaPerformance' on 'JDIPerformancePage'\n\tat com.epam.jdi.light.common.Exceptions.runtimeException(Exceptions.java:15)\n\tat com.epam.jdi.light.elements.init.PageFactory.initWithConstructor(PageFactory.java:189)\n\t... 30 more\n","steps":[],"attachments":[],"parameters":[],"stepsCount":0,"attachmentsCount":0,"shouldDisplayMessage":true,"hasContent":true},{"name":"before","time":{"start":1666410541895,"stop":1666410541895,"duration":0},"description":"","status":"broken","steps":[],"attachments":[],"parameters":[],"stepsCount":0,"attachmentsCount":0,"shouldDisplayMessage":false,"hasContent":false}],"afterStages":[{"name":"teardown","time":{"start":1666410542015,"stop":1666410542070,"duration":55},"description":"","status":"passed","steps":[],"attachments":[],"parameters":[],"stepsCount":0,"attachmentsCount":0,"shouldDisplayMessage":false,"hasContent":false}],"labels":[{"name":"package","value":"org.mytests.tests.example.DataTableTests"},{"name":"testClass","value":"org.mytests.tests.example.DataTableTests"},{"name":"testMethod","value":"rowTableMatcherSingleTest"},{"name":"parentSuite","value":"JDI-Light Performance"},{"name":"suite","value":"Tests"},{"name":"subSuite","value":"org.mytests.tests.example.DataTableTests"},{"name":"host","value":"fv-az96-423"},{"name":"thread","value":"2735@fv-az96-423.TestNG-test=Tests-2(21)"},{"name":"framework","value":"testng"},{"name":"language","value":"java"},{"name":"resultFormat","value":"allure2"}],"parameters":[],"links":[],"hidden":false,"retry":false,"extra":{"severity":"normal","retries":[],"categories":[],"history":{"statistic":{"failed":0,"broken":0,"skipped":14,"passed":77,"unknown":0,"total":91},"items":[{"uid":"111a848d3c753d72","reportUrl":"https://jdi-templates.github.io/jdi-light-testng-template/24//#testresult/111a848d3c753d72","status":"passed","time":{"start":1666410317451,"stop":1666410317817,"duration":366}},{"uid":"ebbcf22b5e8cbfd1","reportUrl":"https://jdi-templates.github.io/jdi-light-testng-template/23//#testresult/ebbcf22b5e8cbfd1","status":"passed","time":{"start":1666409956449,"stop":1666409956811,"duration":362}},{"uid":"19539dfb0186245b","reportUrl":"https://jdi-templates.github.io/jdi-light-testng-template/22//#testresult/19539dfb0186245b","status":"passed","time":{"start":1666409508331,"stop":1666409508799,"duration":468}},{"uid":"94056b1f3ee5ddb3","reportUrl":"https://jdi-templates.github.io/jdi-light-testng-template/21//#testresult/94056b1f3ee5ddb3","status":"skipped","statusDetails":"\n[19:51.595] Failed to execute 'UIElement.click' for element 'User Icon' during '10' seconds. \norg.openqa.selenium.remote.UnreachableBrowserException: Error communicating with the remote browser. It may have died.\nBuild info: version: '4.1.0', revision: '87802e897b'\nSystem info: host: 'fv-az426-456', ip: '10.1.0.76', os.name: 'Linux', os.arch: 'amd64', os.version: '5.15.0-1022-azure', java.version: '1.8.0_345'\nDriver info: org.openqa.selenium.remote.RemoteWebDriver\nCommand: [fc3203496eb362ab09a37d6a5368907e, switchToFrame {id=null}]\nCapabilities {acceptInsecureCerts: false, browserName: chrome, browserVersion: 106.0.5249.61, chrome: {chromedriverVersion: 106.0.5249.61 (511755355844..., userDataDir: /tmp/.com.google.Chrome.qM60CD}, goog:chromeOptions: {debuggerAddress: localhost:41411}, javascriptEnabled: true, networkConnectionEnabled: false, pageLoadStrategy: normal, platform: LINUX, platformName: LINUX, proxy: Proxy(), setWindowRect: true, strictFileInteractability: false, timeouts: {implicit: 0, pageLoad: 300000, script: 30000}, unhandledPromptBehavior: accept, webauthn:extension:credBlob: true, webauthn:extension:largeBlob: true, webauthn:virtualAuthenticators: true}\nSession ID: fc3203496eb362ab09a37d6a5368907e","time":{"start":1666408791743,"stop":1666408791744,"duration":1}},{"uid":"ce0b7ce28715523f","reportUrl":"https://jdi-templates.github.io/jdi-light-testng-template/20//#testresult/ce0b7ce28715523f","status":"skipped","statusDetails":"\n[48:46.303] Failed to execute 'UIElement.click' for element 'User Icon' during '10' seconds. \norg.openqa.selenium.remote.UnreachableBrowserException: Error communicating with the remote browser. It may have died.\nBuild info: version: '4.1.0', revision: '87802e897b'\nSystem info: host: 'fv-az465-614', ip: '10.1.0.21', os.name: 'Linux', os.arch: 'amd64', os.version: '5.15.0-1022-azure', java.version: '1.8.0_345'\nDriver info: org.openqa.selenium.remote.RemoteWebDriver\nCommand: [18276046ab844004cc03f52218631abb, switchToFrame {id=null}]\nCapabilities {acceptInsecureCerts: false, browserName: chrome, browserVersion: 106.0.5249.61, chrome: {chromedriverVersion: 106.0.5249.61 (511755355844..., userDataDir: /tmp/.com.google.Chrome.UwmpsR}, goog:chromeOptions: {debuggerAddress: localhost:38801}, javascriptEnabled: true, networkConnectionEnabled: false, pageLoadStrategy: normal, platform: LINUX, platformName: LINUX, proxy: Proxy(), setWindowRect: true, strictFileInteractability: false, timeouts: {implicit: 0, pageLoad: 300000, script: 30000}, unhandledPromptBehavior: accept, webauthn:extension:credBlob: true, webauthn:extension:largeBlob: true, webauthn:virtualAuthenticators: true}\nSession ID: 18276046ab844004cc03f52218631abb","time":{"start":1666406926482,"stop":1666406926493,"duration":11}},{"uid":"80be8aeae5bebcf8","reportUrl":"https://jdi-templates.github.io/jdi-light-testng-template/19//#testresult/80be8aeae5bebcf8","status":"skipped","statusDetails":"\n[42:30.731] Failed to execute 'UIElement.click' for element 'User Icon' during '10' seconds. \norg.openqa.selenium.remote.UnreachableBrowserException: Error communicating with the remote browser. It may have died.\nBuild info: version: '4.1.0', revision: '87802e897b'\nSystem info: host: 'fv-az259-902', ip: '10.1.0.49', os.name: 'Linux', os.arch: 'amd64', os.version: '5.15.0-1022-azure', java.version: '1.8.0_345'\nDriver info: org.openqa.selenium.remote.RemoteWebDriver\nCommand: [cfa28c0b4c6d1ed40cf313d803ddb918, switchToFrame {id=null}]\nCapabilities {acceptInsecureCerts: false, browserName: chrome, browserVersion: 106.0.5249.61, chrome: {chromedriverVersion: 106.0.5249.61 (511755355844..., userDataDir: /tmp/.com.google.Chrome.sQJC58}, goog:chromeOptions: {debuggerAddress: localhost:35253}, javascriptEnabled: true, networkConnectionEnabled: false, pageLoadStrategy: normal, platform: LINUX, platformName: LINUX, proxy: Proxy(), setWindowRect: true, strictFileInteractability: false, timeouts: {implicit: 0, pageLoad: 300000, script: 30000}, unhandledPromptBehavior: accept, webauthn:extension:credBlob: true, webauthn:extension:largeBlob: true, webauthn:virtualAuthenticators: true}\nSession ID: cfa28c0b4c6d1ed40cf313d803ddb918","time":{"start":1666406550941,"stop":1666406550943,"duration":2}},{"uid":"48971ac0e543c885","reportUrl":"https://jdi-templates.github.io/jdi-light-testng-template/18//#testresult/48971ac0e543c885","status":"skipped","statusDetails":"\n[28:34.349] Failed to execute 'UIElement.click' for element 'User Icon' during '10' seconds. \norg.openqa.selenium.remote.UnreachableBrowserException: Error communicating with the remote browser. It may have died.\nBuild info: version: '4.1.0', revision: '87802e897b'\nSystem info: host: 'fv-az163-754', ip: '10.1.0.225', os.name: 'Linux', os.arch: 'amd64', os.version: '5.15.0-1022-azure', java.version: '1.8.0_345'\nDriver info: org.openqa.selenium.remote.RemoteWebDriver\nCommand: [996441039c4d1ae6c007a83e33ec7dcb, switchToFrame {id=null}]\nCapabilities {acceptInsecureCerts: false, browserName: chrome, browserVersion: 106.0.5249.61, chrome: {chromedriverVersion: 106.0.5249.61 (511755355844..., userDataDir: /tmp/.com.google.Chrome.NC3shy}, goog:chromeOptions: {debuggerAddress: localhost:46843}, javascriptEnabled: true, networkConnectionEnabled: false, pageLoadStrategy: normal, platform: LINUX, platformName: LINUX, proxy: Proxy(), setWindowRect: true, strictFileInteractability: false, timeouts: {implicit: 0, pageLoad: 300000, script: 30000}, unhandledPromptBehavior: accept, webauthn:extension:credBlob: true, webauthn:extension:largeBlob: true, webauthn:virtualAuthenticators: true}\nSession ID: 996441039c4d1ae6c007a83e33ec7dcb","time":{"start":1666405714486,"stop":1666405714492,"duration":6}},{"uid":"9717bbf07039429d","reportUrl":"https://jdi-templates.github.io/jdi-light-testng-template/15//#testresult/9717bbf07039429d","status":"skipped","statusDetails":"\n[05:49.704] Failed to execute 'UIElement.click' for element 'User Icon' during '10' seconds. \norg.openqa.selenium.remote.UnreachableBrowserException: Error communicating with the remote browser. It may have died.\nBuild info: version: '4.1.0', revision: '87802e897b'\nSystem info: host: 'fv-az747-993', ip: '10.1.0.119', os.name: 'Linux', os.arch: 'amd64', os.version: '5.15.0-1022-azure', java.version: '15.0.9'\nDriver info: org.openqa.selenium.remote.RemoteWebDriver\nCommand: [7a8d84f41c26d1e28d290d54ca4d9ca3, switchToFrame {id=null}]\nCapabilities {acceptInsecureCerts: false, browserName: chrome, browserVersion: 94.0.4606.61, chrome: {chromedriverVersion: 94.0.4606.61 (418b78f5838ed..., userDataDir: /tmp/.com.google.Chrome.tFDIoC}, goog:chromeOptions: {debuggerAddress: localhost:34269}, javascriptEnabled: true, networkConnectionEnabled: false, pageLoadStrategy: normal, platform: LINUX, platformName: LINUX, proxy: Proxy(), setWindowRect: true, strictFileInteractability: false, timeouts: {implicit: 0, pageLoad: 300000, script: 30000}, unhandledPromptBehavior: accept, webauthn:extension:credBlob: true, webauthn:extension:largeBlob: true, webauthn:virtualAuthenticators: true}\nSession ID: 7a8d84f41c26d1e28d290d54ca4d9ca3","time":{"start":1666404349887,"stop":1666404349892,"duration":5}},{"uid":"a812338fb488b68d","reportUrl":"https://jdi-templates.github.io/jdi-light-testng-template/15//#testresult/a812338fb488b68d","status":"skipped","statusDetails":"\n[01:50.942] Failed to execute 'UIElement.click' for element 'User Icon' during '10' seconds. \norg.openqa.selenium.remote.UnreachableBrowserException: Error communicating with the remote browser. It may have died.\nBuild info: version: '4.1.0', revision: '87802e897b'\nSystem info: host: 'fv-az77-846', ip: '10.1.0.15', os.name: 'Linux', os.arch: 'amd64', os.version: '5.15.0-1022-azure', java.version: '1.8.0_352'\nDriver info: org.openqa.selenium.remote.RemoteWebDriver\nCommand: [d671fedb3f16f8c2499e815575f34ae1, switchToFrame {id=null}]\nCapabilities {acceptInsecureCerts: false, browserName: chrome, browserVersion: 94.0.4606.61, chrome: {chromedriverVersion: 94.0.4606.61 (418b78f5838ed..., userDataDir: /tmp/.com.google.Chrome.ORrwY3}, goog:chromeOptions: {debuggerAddress: localhost:43657}, javascriptEnabled: true, networkConnectionEnabled: false, pageLoadStrategy: normal, platform: LINUX, platformName: LINUX, proxy: Proxy(), setWindowRect: true, strictFileInteractability: false, timeouts: {implicit: 0, pageLoad: 300000, script: 30000}, unhandledPromptBehavior: accept, webauthn:extension:credBlob: true, webauthn:extension:largeBlob: true, webauthn:virtualAuthenticators: true}\nSession ID: d671fedb3f16f8c2499e815575f34ae1","time":{"start":1666404111282,"stop":1666404111283,"duration":1}},{"uid":"7cac4c31d79ced52","reportUrl":"https://jdi-templates.github.io/jdi-light-testng-template/13//#testresult/7cac4c31d79ced52","status":"skipped","statusDetails":"\n[39:59.998] java.lang.NullPointerException\nFailed to execute 'WebPage.getUrl' for element 'WebPage' during '10' seconds. Cannot invoke \"org.openqa.selenium.WebDriver.getCurrentUrl()\" because the return value of \"com.epam.jdi.light.driver.WebDriverFactory.getDriver()\" is null","time":{"start":1654274400143,"stop":1654274400146,"duration":3}},{"uid":"feaa3de18645c50c","reportUrl":"https://jdi-templates.github.io/jdi-light-testng-template/13//#testresult/feaa3de18645c50c","status":"skipped","statusDetails":"java.lang.NullPointerException","time":{"start":1654274102785,"stop":1654274102785,"duration":0}},{"uid":"dfc6684a33effe4a","reportUrl":"https://jdi-templates.github.io/jdi-light-testng-template/12//#testresult/dfc6684a33effe4a","status":"passed","time":{"start":1649161435669,"stop":1649161436025,"duration":356}},{"uid":"e569c02bed044d27","reportUrl":"https://jdi-templates.github.io/jdi-light-testng-template/12//#testresult/e569c02bed044d27","status":"passed","time":{"start":1649161148411,"stop":1649161148929,"duration":518}},{"uid":"ebe527b13b8b097b","reportUrl":"https://jdi-templates.github.io/jdi-light-testng-template/11//#testresult/ebe527b13b8b097b","status":"passed","time":{"start":1649158431002,"stop":1649158431435,"duration":433}},{"uid":"a202edba01a6fe1f","reportUrl":"https://jdi-templates.github.io/jdi-light-testng-template/11//#testresult/a202edba01a6fe1f","status":"passed","time":{"start":1649158121193,"stop":1649158121618,"duration":425}},{"uid":"f43c24621fa70169","reportUrl":"https://jdi-templates.github.io/jdi-light-testng-template/8//#testresult/f43c24621fa70169","status":"passed","time":{"start":1634235839518,"stop":1634235840863,"duration":1345}},{"uid":"3c924c49ea090032","reportUrl":"https://jdi-templates.github.io/jdi-light-testng-template/6//#testresult/3c924c49ea090032","status":"passed","time":{"start":1634232775798,"stop":1634232777349,"duration":1551}},{"uid":"81a8df1b00595c7c","reportUrl":"https://jdi-templates.github.io/jdi-light-testng-template/3//#testresult/81a8df1b00595c7c","status":"passed","time":{"start":1634231590983,"stop":1634231592601,"duration":1618}},{"uid":"48111b9ca82fc43d","reportUrl":"https://jdi-templates.github.io/jdi-light-testng-template/3//#testresult/48111b9ca82fc43d","status":"passed","time":{"start":1634231097043,"stop":1634231098816,"duration":1773}},{"uid":"1c27a9a755554b65","reportUrl":"https://jdi-templates.github.io/jdi-light-testng-template/1//#testresult/1c27a9a755554b65","status":"passed","time":{"start":1634230559279,"stop":1634230561070,"duration":1791}}]},"tags":[]},"source":"922ab2a33bab454e.json","parameterValues":[]}