{"uid":"e6dcf6847ae80b75","name":"customMenuTest","fullName":"org.mytests.tests.example.MenuTests.customMenuTest","historyId":"f82d99216fb6cdf138a2ed677f2414b4","time":{"start":1666410541864,"stop":1666410541866,"duration":2},"status":"skipped","statusMessage":"\nCan't init 'page' 'performancePage' on 'SiteJdi'","statusTrace":"java.lang.RuntimeException: \nCan't init 'page' 'performancePage' on 'SiteJdi'\n\tat com.epam.jdi.light.common.Exceptions.exception(Exceptions.java:31)\n\tat com.epam.jdi.light.elements.init.PageFactory.initialize(PageFactory.java:76)\n\tat com.epam.jdi.light.elements.init.PageFactory.initSite(PageFactory.java:58)\n\tat com.epam.jdi.light.elements.init.PageFactory.initSite(PageFactory.java:51)\n\tat org.mytests.tests.TestsInit.setUp(TestsInit.java:17)\n\tat java.base/jdk.internal.reflect.NativeMethodAccessorImpl.invoke0(Native Method)\n\tat java.base/jdk.internal.reflect.NativeMethodAccessorImpl.invoke(NativeMethodAccessorImpl.java:77)\n\tat java.base/jdk.internal.reflect.DelegatingMethodAccessorImpl.invoke(DelegatingMethodAccessorImpl.java:43)\n\tat java.base/java.lang.reflect.Method.invoke(Method.java:568)\n\tat org.testng.internal.MethodInvocationHelper.invokeMethod(MethodInvocationHelper.java:133)\n\tat org.testng.internal.MethodInvocationHelper.invokeMethodConsideringTimeout(MethodInvocationHelper.java:62)\n\tat org.testng.internal.ConfigInvoker.invokeConfigurationMethod(ConfigInvoker.java:385)\n\tat org.testng.internal.ConfigInvoker.invokeConfigurations(ConfigInvoker.java:321)\n\tat org.testng.SuiteRunner.privateRun(SuiteRunner.java:317)\n\tat org.testng.SuiteRunner.run(SuiteRunner.java:276)\n\tat org.testng.SuiteRunnerWorker.runSuite(SuiteRunnerWorker.java:53)\n\tat org.testng.SuiteRunnerWorker.run(SuiteRunnerWorker.java:96)\n\tat org.testng.TestNG.runSuitesSequentially(TestNG.java:1212)\n\tat org.testng.TestNG.runSuitesLocally(TestNG.java:1134)\n\tat org.testng.TestNG.runSuites(TestNG.java:1063)\n\tat org.testng.TestNG.run(TestNG.java:1031)\n\tat org.apache.maven.surefire.testng.TestNGExecutor.run(TestNGExecutor.java:283)\n\tat org.apache.maven.surefire.testng.TestNGXmlTestSuite.execute(TestNGXmlTestSuite.java:75)\n\tat org.apache.maven.surefire.testng.TestNGProvider.invoke(TestNGProvider.java:120)\n\tat org.apache.maven.surefire.booter.ForkedBooter.invokeProviderInSameClassLoader(ForkedBooter.java:384)\n\tat org.apache.maven.surefire.booter.ForkedBooter.runSuitesInProcess(ForkedBooter.java:345)\n\tat org.apache.maven.surefire.booter.ForkedBooter.execute(ForkedBooter.java:126)\n\tat org.apache.maven.surefire.booter.ForkedBooter.main(ForkedBooter.java:418)\nCaused by: java.lang.RuntimeException: \nCan't create field 'performancePage' instance of type 'class org.mytests.uiobjects.example.site.pages.JDIPerformancePage'. Try new class org.mytests.uiobjects.example.site.pages.JDIPerformancePage() to get more details\n\tat com.epam.jdi.light.common.Exceptions.exception(Exceptions.java:31)\n\tat com.epam.jdi.light.elements.init.PageFactory.initWithConstructor(PageFactory.java:191)\n\tat com.epam.jdi.light.elements.init.PageFactory.initJdiField(PageFactory.java:104)\n\tat com.epam.jdi.light.elements.init.PageFactory.getElementInstance(PageFactory.java:91)\n\tat com.epam.jdi.light.elements.init.PageFactory.setFieldWithInstance(PageFactory.java:82)\n\tat com.epam.jdi.light.elements.init.PageFactory.initialize(PageFactory.java:74)\n\t... 26 more\nCaused by: java.lang.RuntimeException: \n\nCan't init 'element' 'textareaPerformance' on 'JDIPerformancePage'\n\tat com.epam.jdi.light.common.Exceptions.runtimeException(Exceptions.java:15)\n\tat com.epam.jdi.light.elements.init.PageFactory.initWithConstructor(PageFactory.java:189)\n\t... 30 more\n","flaky":false,"newFailed":false,"newBroken":false,"newPassed":false,"retriesCount":0,"retriesStatusChange":false,"beforeStages":[{"name":"setUp","time":{"start":1666410535739,"stop":1666410541400,"duration":5661},"description":"","status":"broken","statusMessage":"\nCan't init 'page' 'performancePage' on 'SiteJdi'","statusTrace":"java.lang.RuntimeException: \nCan't init 'page' 'performancePage' on 'SiteJdi'\n\tat com.epam.jdi.light.common.Exceptions.exception(Exceptions.java:31)\n\tat com.epam.jdi.light.elements.init.PageFactory.initialize(PageFactory.java:76)\n\tat com.epam.jdi.light.elements.init.PageFactory.initSite(PageFactory.java:58)\n\tat com.epam.jdi.light.elements.init.PageFactory.initSite(PageFactory.java:51)\n\tat org.mytests.tests.TestsInit.setUp(TestsInit.java:17)\n\tat java.base/jdk.internal.reflect.NativeMethodAccessorImpl.invoke0(Native Method)\n\tat java.base/jdk.internal.reflect.NativeMethodAccessorImpl.invoke(NativeMethodAccessorImpl.java:77)\n\tat java.base/jdk.internal.reflect.DelegatingMethodAccessorImpl.invoke(DelegatingMethodAccessorImpl.java:43)\n\tat java.base/java.lang.reflect.Method.invoke(Method.java:568)\n\tat org.testng.internal.MethodInvocationHelper.invokeMethod(MethodInvocationHelper.java:133)\n\tat org.testng.internal.MethodInvocationHelper.invokeMethodConsideringTimeout(MethodInvocationHelper.java:62)\n\tat org.testng.internal.ConfigInvoker.invokeConfigurationMethod(ConfigInvoker.java:385)\n\tat org.testng.internal.ConfigInvoker.invokeConfigurations(ConfigInvoker.java:321)\n\tat org.testng.SuiteRunner.privateRun(SuiteRunner.java:317)\n\tat org.testng.SuiteRunner.run(SuiteRunner.java:276)\n\tat org.testng.SuiteRunnerWorker.runSuite(SuiteRunnerWorker.java:53)\n\tat org.testng.SuiteRunnerWorker.run(SuiteRunnerWorker.java:96)\n\tat org.testng.TestNG.runSuitesSequentially(TestNG.java:1212)\n\tat org.testng.TestNG.runSuitesLocally(TestNG.java:1134)\n\tat org.testng.TestNG.runSuites(TestNG.java:1063)\n\tat org.testng.TestNG.run(TestNG.java:1031)\n\tat org.apache.maven.surefire.testng.TestNGExecutor.run(TestNGExecutor.java:283)\n\tat org.apache.maven.surefire.testng.TestNGXmlTestSuite.execute(TestNGXmlTestSuite.java:75)\n\tat org.apache.maven.surefire.testng.TestNGProvider.invoke(TestNGProvider.java:120)\n\tat org.apache.maven.surefire.booter.ForkedBooter.invokeProviderInSameClassLoader(ForkedBooter.java:384)\n\tat org.apache.maven.surefire.booter.ForkedBooter.runSuitesInProcess(ForkedBooter.java:345)\n\tat org.apache.maven.surefire.booter.ForkedBooter.execute(ForkedBooter.java:126)\n\tat org.apache.maven.surefire.booter.ForkedBooter.main(ForkedBooter.java:418)\nCaused by: java.lang.RuntimeException: \nCan't create field 'performancePage' instance of type 'class org.mytests.uiobjects.example.site.pages.JDIPerformancePage'. Try new class org.mytests.uiobjects.example.site.pages.JDIPerformancePage() to get more details\n\tat com.epam.jdi.light.common.Exceptions.exception(Exceptions.java:31)\n\tat com.epam.jdi.light.elements.init.PageFactory.initWithConstructor(PageFactory.java:191)\n\tat com.epam.jdi.light.elements.init.PageFactory.initJdiField(PageFactory.java:104)\n\tat com.epam.jdi.light.elements.init.PageFactory.getElementInstance(PageFactory.java:91)\n\tat com.epam.jdi.light.elements.init.PageFactory.setFieldWithInstance(PageFactory.java:82)\n\tat com.epam.jdi.light.elements.init.PageFactory.initialize(PageFactory.java:74)\n\t... 26 more\nCaused by: java.lang.RuntimeException: \n\nCan't init 'element' 'textareaPerformance' on 'JDIPerformancePage'\n\tat com.epam.jdi.light.common.Exceptions.runtimeException(Exceptions.java:15)\n\tat com.epam.jdi.light.elements.init.PageFactory.initWithConstructor(PageFactory.java:189)\n\t... 30 more\n","steps":[],"attachments":[],"parameters":[],"stepsCount":0,"attachmentsCount":0,"shouldDisplayMessage":true,"hasContent":true},{"name":"openPerformancePage","time":{"start":1666410541850,"stop":1666410541850,"duration":0},"description":"","status":"broken","steps":[],"attachments":[],"parameters":[],"stepsCount":0,"attachmentsCount":0,"shouldDisplayMessage":false,"hasContent":false}],"afterStages":[{"name":"teardown","time":{"start":1666410542015,"stop":1666410542070,"duration":55},"description":"","status":"passed","steps":[],"attachments":[],"parameters":[],"stepsCount":0,"attachmentsCount":0,"shouldDisplayMessage":false,"hasContent":false}],"labels":[{"name":"package","value":"org.mytests.tests.example.MenuTests"},{"name":"testClass","value":"org.mytests.tests.example.MenuTests"},{"name":"testMethod","value":"customMenuTest"},{"name":"parentSuite","value":"JDI-Light Performance"},{"name":"suite","value":"Tests"},{"name":"subSuite","value":"org.mytests.tests.example.MenuTests"},{"name":"host","value":"fv-az96-423"},{"name":"thread","value":"2735@fv-az96-423.TestNG-test=Tests-1(20)"},{"name":"framework","value":"testng"},{"name":"language","value":"java"},{"name":"resultFormat","value":"allure2"}],"parameters":[],"links":[],"hidden":false,"retry":false,"extra":{"severity":"normal","retries":[],"categories":[],"history":{"statistic":{"failed":0,"broken":0,"skipped":14,"passed":77,"unknown":0,"total":91},"items":[{"uid":"91ce843bc746084e","reportUrl":"https://jdi-templates.github.io/jdi-light-testng-template/24//#testresult/91ce843bc746084e","status":"passed","time":{"start":1666410301765,"stop":1666410308219,"duration":6454}},{"uid":"9f539362187b7143","reportUrl":"https://jdi-templates.github.io/jdi-light-testng-template/23//#testresult/9f539362187b7143","status":"passed","time":{"start":1666409940929,"stop":1666409947101,"duration":6172}},{"uid":"95f9b44172e43b07","reportUrl":"https://jdi-templates.github.io/jdi-light-testng-template/22//#testresult/95f9b44172e43b07","status":"passed","time":{"start":1666409489398,"stop":1666409497049,"duration":7651}},{"uid":"1833f2bd9024613c","reportUrl":"https://jdi-templates.github.io/jdi-light-testng-template/21//#testresult/1833f2bd9024613c","status":"skipped","statusDetails":"\n[20:02.129] Failed to execute 'UIElement.click' for element 'User Icon' during '10' seconds. \norg.openqa.selenium.remote.UnreachableBrowserException: Error communicating with the remote browser. It may have died.\nBuild info: version: '4.1.0', revision: '87802e897b'\nSystem info: host: 'fv-az426-456', ip: '10.1.0.76', os.name: 'Linux', os.arch: 'amd64', os.version: '5.15.0-1022-azure', java.version: '1.8.0_345'\nDriver info: org.openqa.selenium.remote.RemoteWebDriver\nCommand: [fc3203496eb362ab09a37d6a5368907e, switchToFrame {id=null}]\nCapabilities {acceptInsecureCerts: false, browserName: chrome, browserVersion: 106.0.5249.61, chrome: {chromedriverVersion: 106.0.5249.61 (511755355844..., userDataDir: /tmp/.com.google.Chrome.qM60CD}, goog:chromeOptions: {debuggerAddress: localhost:41411}, javascriptEnabled: true, networkConnectionEnabled: false, pageLoadStrategy: normal, platform: LINUX, platformName: LINUX, proxy: Proxy(), setWindowRect: true, strictFileInteractability: false, timeouts: {implicit: 0, pageLoad: 300000, script: 30000}, unhandledPromptBehavior: accept, webauthn:extension:credBlob: true, webauthn:extension:largeBlob: true, webauthn:virtualAuthenticators: true}\nSession ID: fc3203496eb362ab09a37d6a5368907e","time":{"start":1666408802139,"stop":1666408802141,"duration":2}},{"uid":"4d39800a625f9d18","reportUrl":"https://jdi-templates.github.io/jdi-light-testng-template/20//#testresult/4d39800a625f9d18","status":"skipped","statusDetails":"\n[48:56.897] Failed to execute 'UIElement.click' for element 'User Icon' during '10' seconds. \norg.openqa.selenium.remote.UnreachableBrowserException: Error communicating with the remote browser. It may have died.\nBuild info: version: '4.1.0', revision: '87802e897b'\nSystem info: host: 'fv-az465-614', ip: '10.1.0.21', os.name: 'Linux', os.arch: 'amd64', os.version: '5.15.0-1022-azure', java.version: '1.8.0_345'\nDriver info: org.openqa.selenium.remote.RemoteWebDriver\nCommand: [18276046ab844004cc03f52218631abb, switchToFrame {id=null}]\nCapabilities {acceptInsecureCerts: false, browserName: chrome, browserVersion: 106.0.5249.61, chrome: {chromedriverVersion: 106.0.5249.61 (511755355844..., userDataDir: /tmp/.com.google.Chrome.UwmpsR}, goog:chromeOptions: {debuggerAddress: localhost:38801}, javascriptEnabled: true, networkConnectionEnabled: false, pageLoadStrategy: normal, platform: LINUX, platformName: LINUX, proxy: Proxy(), setWindowRect: true, strictFileInteractability: false, timeouts: {implicit: 0, pageLoad: 300000, script: 30000}, unhandledPromptBehavior: accept, webauthn:extension:credBlob: true, webauthn:extension:largeBlob: true, webauthn:virtualAuthenticators: true}\nSession ID: 18276046ab844004cc03f52218631abb","time":{"start":1666406936926,"stop":1666406936932,"duration":6}},{"uid":"3058f66e23313115","reportUrl":"https://jdi-templates.github.io/jdi-light-testng-template/19//#testresult/3058f66e23313115","status":"skipped","statusDetails":"\n[42:41.332] Failed to execute 'UIElement.click' for element 'User Icon' during '10' seconds. \norg.openqa.selenium.remote.UnreachableBrowserException: Error communicating with the remote browser. It may have died.\nBuild info: version: '4.1.0', revision: '87802e897b'\nSystem info: host: 'fv-az259-902', ip: '10.1.0.49', os.name: 'Linux', os.arch: 'amd64', os.version: '5.15.0-1022-azure', java.version: '1.8.0_345'\nDriver info: org.openqa.selenium.remote.RemoteWebDriver\nCommand: [cfa28c0b4c6d1ed40cf313d803ddb918, switchToFrame {id=null}]\nCapabilities {acceptInsecureCerts: false, browserName: chrome, browserVersion: 106.0.5249.61, chrome: {chromedriverVersion: 106.0.5249.61 (511755355844..., userDataDir: /tmp/.com.google.Chrome.sQJC58}, goog:chromeOptions: {debuggerAddress: localhost:35253}, javascriptEnabled: true, networkConnectionEnabled: false, pageLoadStrategy: normal, platform: LINUX, platformName: LINUX, proxy: Proxy(), setWindowRect: true, strictFileInteractability: false, timeouts: {implicit: 0, pageLoad: 300000, script: 30000}, unhandledPromptBehavior: accept, webauthn:extension:credBlob: true, webauthn:extension:largeBlob: true, webauthn:virtualAuthenticators: true}\nSession ID: cfa28c0b4c6d1ed40cf313d803ddb918","time":{"start":1666406561343,"stop":1666406561350,"duration":7}},{"uid":"f7c5d4e1c6f888fc","reportUrl":"https://jdi-templates.github.io/jdi-light-testng-template/18//#testresult/f7c5d4e1c6f888fc","status":"skipped","statusDetails":"\n[28:44.865] Failed to execute 'UIElement.click' for element 'User Icon' during '10' seconds. \norg.openqa.selenium.remote.UnreachableBrowserException: Error communicating with the remote browser. It may have died.\nBuild info: version: '4.1.0', revision: '87802e897b'\nSystem info: host: 'fv-az163-754', ip: '10.1.0.225', os.name: 'Linux', os.arch: 'amd64', os.version: '5.15.0-1022-azure', java.version: '1.8.0_345'\nDriver info: org.openqa.selenium.remote.RemoteWebDriver\nCommand: [996441039c4d1ae6c007a83e33ec7dcb, switchToFrame {id=null}]\nCapabilities {acceptInsecureCerts: false, browserName: chrome, browserVersion: 106.0.5249.61, chrome: {chromedriverVersion: 106.0.5249.61 (511755355844..., userDataDir: /tmp/.com.google.Chrome.NC3shy}, goog:chromeOptions: {debuggerAddress: localhost:46843}, javascriptEnabled: true, networkConnectionEnabled: false, pageLoadStrategy: normal, platform: LINUX, platformName: LINUX, proxy: Proxy(), setWindowRect: true, strictFileInteractability: false, timeouts: {implicit: 0, pageLoad: 300000, script: 30000}, unhandledPromptBehavior: accept, webauthn:extension:credBlob: true, webauthn:extension:largeBlob: true, webauthn:virtualAuthenticators: true}\nSession ID: 996441039c4d1ae6c007a83e33ec7dcb","time":{"start":1666405724876,"stop":1666405724887,"duration":11}},{"uid":"f39505242a0a8961","reportUrl":"https://jdi-templates.github.io/jdi-light-testng-template/15//#testresult/f39505242a0a8961","status":"skipped","statusDetails":"\n[05:49.42] Failed to execute 'UIElement.click' for element 'User Icon' during '10' seconds. \norg.openqa.selenium.remote.UnreachableBrowserException: Error communicating with the remote browser. It may have died.\nBuild info: version: '4.1.0', revision: '87802e897b'\nSystem info: host: 'fv-az747-993', ip: '10.1.0.119', os.name: 'Linux', os.arch: 'amd64', os.version: '5.15.0-1022-azure', java.version: '15.0.9'\nDriver info: org.openqa.selenium.remote.RemoteWebDriver\nCommand: [b6453f018b08940a8bea4106b09087d2, switchToFrame {id=null}]\nCapabilities {acceptInsecureCerts: false, browserName: chrome, browserVersion: 94.0.4606.61, chrome: {chromedriverVersion: 94.0.4606.61 (418b78f5838ed..., userDataDir: /tmp/.com.google.Chrome.GbGCQV}, goog:chromeOptions: {debuggerAddress: localhost:41319}, javascriptEnabled: true, networkConnectionEnabled: false, pageLoadStrategy: normal, platform: LINUX, platformName: LINUX, proxy: Proxy(), setWindowRect: true, strictFileInteractability: false, timeouts: {implicit: 0, pageLoad: 300000, script: 30000}, unhandledPromptBehavior: accept, webauthn:extension:credBlob: true, webauthn:extension:largeBlob: true, webauthn:virtualAuthenticators: true}\nSession ID: b6453f018b08940a8bea4106b09087d2","time":{"start":1666404349301,"stop":1666404349302,"duration":1}},{"uid":"ef118374a14094c4","reportUrl":"https://jdi-templates.github.io/jdi-light-testng-template/15//#testresult/ef118374a14094c4","status":"skipped","statusDetails":"\n[01:51.91] Failed to execute 'UIElement.click' for element 'User Icon' during '10' seconds. \norg.openqa.selenium.remote.UnreachableBrowserException: Error communicating with the remote browser. It may have died.\nBuild info: version: '4.1.0', revision: '87802e897b'\nSystem info: host: 'fv-az77-846', ip: '10.1.0.15', os.name: 'Linux', os.arch: 'amd64', os.version: '5.15.0-1022-azure', java.version: '1.8.0_352'\nDriver info: org.openqa.selenium.remote.RemoteWebDriver\nCommand: [ef1a68d7d6e37c8dd66b26a5ba5235fc, switchToFrame {id=null}]\nCapabilities {acceptInsecureCerts: false, browserName: chrome, browserVersion: 94.0.4606.61, chrome: {chromedriverVersion: 94.0.4606.61 (418b78f5838ed..., userDataDir: /tmp/.com.google.Chrome.3Yfkj8}, goog:chromeOptions: {debuggerAddress: localhost:46671}, javascriptEnabled: true, networkConnectionEnabled: false, pageLoadStrategy: normal, platform: LINUX, platformName: LINUX, proxy: Proxy(), setWindowRect: true, strictFileInteractability: false, timeouts: {implicit: 0, pageLoad: 300000, script: 30000}, unhandledPromptBehavior: accept, webauthn:extension:credBlob: true, webauthn:extension:largeBlob: true, webauthn:virtualAuthenticators: true}\nSession ID: ef1a68d7d6e37c8dd66b26a5ba5235fc","time":{"start":1666404111161,"stop":1666404111165,"duration":4}},{"uid":"8c73f90cd9d3dcff","reportUrl":"https://jdi-templates.github.io/jdi-light-testng-template/13//#testresult/8c73f90cd9d3dcff","status":"skipped","statusDetails":"\n[39:37.682] java.lang.NullPointerException\nFailed to execute 'WebPage.getUrl' for element 'WebPage' during '10' seconds. Cannot invoke \"org.openqa.selenium.WebDriver.getCurrentUrl()\" because the return value of \"com.epam.jdi.light.driver.WebDriverFactory.getDriver()\" is null","time":{"start":1654274377687,"stop":1654274377688,"duration":1}},{"uid":"92f12b0df72bf0d","reportUrl":"https://jdi-templates.github.io/jdi-light-testng-template/13//#testresult/92f12b0df72bf0d","status":"skipped","statusDetails":"java.lang.NullPointerException","time":{"start":1654274100874,"stop":1654274100874,"duration":0}},{"uid":"1e203a78bd0ea322","reportUrl":"https://jdi-templates.github.io/jdi-light-testng-template/12//#testresult/1e203a78bd0ea322","status":"passed","time":{"start":1649161391663,"stop":1649161408045,"duration":16382}},{"uid":"f68569df902a189c","reportUrl":"https://jdi-templates.github.io/jdi-light-testng-template/12//#testresult/f68569df902a189c","status":"passed","time":{"start":1649161084594,"stop":1649161106557,"duration":21963}},{"uid":"d73ba2120dcefba4","reportUrl":"https://jdi-templates.github.io/jdi-light-testng-template/11//#testresult/d73ba2120dcefba4","status":"passed","time":{"start":1649158373862,"stop":1649158394516,"duration":20654}},{"uid":"aa47e6e81b3518df","reportUrl":"https://jdi-templates.github.io/jdi-light-testng-template/11//#testresult/aa47e6e81b3518df","status":"passed","time":{"start":1649158066958,"stop":1649158085876,"duration":18918}},{"uid":"361103b5e5a3061c","reportUrl":"https://jdi-templates.github.io/jdi-light-testng-template/8//#testresult/361103b5e5a3061c","status":"passed","time":{"start":1634235744973,"stop":1634235768824,"duration":23851}},{"uid":"82471fd4e524f9af","reportUrl":"https://jdi-templates.github.io/jdi-light-testng-template/6//#testresult/82471fd4e524f9af","status":"passed","time":{"start":1634232690860,"stop":1634232712427,"duration":21567}},{"uid":"1e950d2441fec4b7","reportUrl":"https://jdi-templates.github.io/jdi-light-testng-template/3//#testresult/1e950d2441fec4b7","status":"passed","time":{"start":1634231491086,"stop":1634231515439,"duration":24353}},{"uid":"8e50a891bba8a32","reportUrl":"https://jdi-templates.github.io/jdi-light-testng-template/3//#testresult/8e50a891bba8a32","status":"passed","time":{"start":1634230986480,"stop":1634231013721,"duration":27241}},{"uid":"da7e1d388f0ad985","reportUrl":"https://jdi-templates.github.io/jdi-light-testng-template/1//#testresult/da7e1d388f0ad985","status":"passed","time":{"start":1634230453668,"stop":1634230480057,"duration":26389}}]},"tags":[]},"source":"e6dcf6847ae80b75.json","parameterValues":[]}